#
# There is insufficient memory for the Java Runtime Environment to continue.
# Native memory allocation (malloc) failed to allocate 2097152 bytes. Error detail: AllocateHeap
# Possible reasons:
#   The system is out of physical RAM or swap space
#   This process is running with CompressedOops enabled, and the Java Heap may be blocking the growth of the native heap
# Possible solutions:
#   Reduce memory load on the system
#   Increase physical memory or swap space
#   Check if swap backing store is full
#   Decrease Java heap size (-Xmx/-Xms)
#   Decrease number of Java threads
#   Decrease Java thread stack sizes (-Xss)
#   Set larger code cache with -XX:ReservedCodeCacheSize=
#   JVM is running with Unscaled Compressed Oops mode in which the Java heap is
#     placed in the first 4GB address space. The Java Heap base address is the
#     maximum limit for the native heap growth. Please use -XX:HeapBaseMinAddress
#     to set the Java Heap base and to place the Java Heap above 4GB virtual address.
# This output file may be truncated or incomplete.
#
#  Out of Memory Error (allocation.cpp:44), pid=23192, tid=20728
#
# JRE version: OpenJDK Runtime Environment Temurin-21.0.8+9 (21.0.8+9) (build 21.0.8+9-LTS)
# Java VM: OpenJDK 64-Bit Server VM Temurin-21.0.8+9 (21.0.8+9-LTS, mixed mode, emulated-client, sharing, tiered, compressed oops, compressed class ptrs, g1 gc, windows-amd64)
# No core dump will be written. Minidumps are not enabled by default on client versions of Windows
#

---------------  S U M M A R Y ------------

Command Line: -Xmx1024m -Dsts.lsp.client=vscode -Dsts.log.file=/dev/null -XX:TieredStopAtLevel=1 -Xlog:jni+resolve=off -Dspring.config.location=file:c:\Users\huill\.vscode\extensions\vmware.vscode-spring-boot-1.56.0\language-server\BOOT-INF\classes\application.properties org.springframework.ide.vscode.boot.app.BootLanguageServerBootApp

Host: Intel(R) Core(TM) i5-10300H CPU @ 2.50GHz, 8 cores, 15G,  Windows 11 , 64 bit Build 26100 (10.0.26100.4768)
Time: Mon Sep  8 23:55:19 2025 Hora est. Pacífico, Sudamérica elapsed time: 84468.222888 seconds (0d 23h 27m 48s)

---------------  T H R E A D  ---------------

Current thread (0x00000186186349c0):  VMThread "VM Thread"          [id=20728, stack(0x0000005d69300000,0x0000005d69400000) (1024K)]

Stack: [0x0000005d69300000,0x0000005d69400000]
Native frames: (J=compiled Java code, j=interpreted, Vv=VM code, C=native code)
V  [jvm.dll+0x6d2449]
V  [jvm.dll+0x8ae341]
V  [jvm.dll+0x8b08be]
V  [jvm.dll+0x8b0fa3]
V  [jvm.dll+0x280c96]
V  [jvm.dll+0xc0347]
V  [jvm.dll+0x3490ae]
V  [jvm.dll+0x343a2e]
V  [jvm.dll+0x32c418]
V  [jvm.dll+0x36e654]
V  [jvm.dll+0x8b6cbf]
V  [jvm.dll+0x8b8044]
V  [jvm.dll+0x8b8580]
V  [jvm.dll+0x8b8823]
V  [jvm.dll+0x857e6b]
V  [jvm.dll+0x6d0b0d]
C  [ucrtbase.dll+0x37b0]
C  [KERNEL32.DLL+0x2e8d7]
C  [ntdll.dll+0x3c34c]

VM_Operation (0x0000005d6a9febf0): G1CollectFull, mode: safepoint, requested by thread 0x000001865f61c9f0


---------------  P R O C E S S  ---------------

Threads class SMR info:
_java_thread_list=0x00000186605622d0, length=27, elements={
0x000001861864c650, 0x00000186186500c0, 0x0000018618652550, 0x00000186186553b0,
0x0000018618655e00, 0x0000018618656850, 0x00000186186572a0, 0x00000186187e4780,
0x00000186187eefc0, 0x000001865f836020, 0x000001865f61c9f0, 0x000001865f86b430,
0x000001860c0879e0, 0x000001865f8c2e00, 0x000001865f8fa360, 0x000001865f97ffe0,
0x000001865f981650, 0x000001865e6126e0, 0x000001865fc23380, 0x000001865fc23a10,
0x000001865fc21940, 0x000001865fc25ae0, 0x000001865fc26170, 0x000001865fc27520,
0x000001865fc26e90, 0x000001865e613a90, 0x000001865e613400
}

Java Threads: ( => current thread )
  0x000001861864c650 JavaThread "Reference Handler"          daemon [_thread_blocked, id=12824, stack(0x0000005d69400000,0x0000005d69500000) (1024K)]
  0x00000186186500c0 JavaThread "Finalizer"                  daemon [_thread_blocked, id=20532, stack(0x0000005d69500000,0x0000005d69600000) (1024K)]
  0x0000018618652550 JavaThread "Signal Dispatcher"          daemon [_thread_blocked, id=21268, stack(0x0000005d69600000,0x0000005d69700000) (1024K)]
  0x00000186186553b0 JavaThread "Attach Listener"            daemon [_thread_blocked, id=23548, stack(0x0000005d69700000,0x0000005d69800000) (1024K)]
  0x0000018618655e00 JavaThread "Service Thread"             daemon [_thread_blocked, id=8232, stack(0x0000005d69800000,0x0000005d69900000) (1024K)]
  0x0000018618656850 JavaThread "Monitor Deflation Thread"   daemon [_thread_blocked, id=19868, stack(0x0000005d69900000,0x0000005d69a00000) (1024K)]
  0x00000186186572a0 JavaThread "C1 CompilerThread0"         daemon [_thread_blocked, id=18524, stack(0x0000005d69a00000,0x0000005d69b00000) (1024K)]
  0x00000186187e4780 JavaThread "Notification Thread"        daemon [_thread_blocked, id=24292, stack(0x0000005d69c00000,0x0000005d69d00000) (1024K)]
  0x00000186187eefc0 JavaThread "Common-Cleaner"             daemon [_thread_blocked, id=14104, stack(0x0000005d69d00000,0x0000005d69e00000) (1024K)]
  0x000001865f836020 JavaThread "boundedElastic-evictor-1"   daemon [_thread_blocked, id=22560, stack(0x0000005d6a800000,0x0000005d6a900000) (1024K)]
  0x000001865f61c9f0 JavaThread "pool-12-thread-1"                  [_thread_blocked, id=18592, stack(0x0000005d6a900000,0x0000005d6aa00000) (1024K)]
  0x000001865f86b430 JavaThread "LanguageServerApp-lifecycle"        [_thread_blocked, id=26284, stack(0x0000005d6aa00000,0x0000005d6ab00000) (1024K)]
  0x000001860c0879e0 JavaThread "DestroyJavaVM"                     [_thread_blocked, id=10076, stack(0x0000005d68c00000,0x0000005d68d00000) (1024K)]
  0x000001865f8c2e00 JavaThread "pool-13-thread-1"                  [_thread_in_native, id=3856, stack(0x0000005d6ab00000,0x0000005d6ac00000) (1024K)]
  0x000001865f8fa360 JavaThread "Simple-Language-Server main thread" daemon [_thread_blocked, id=23928, stack(0x0000005d6ac00000,0x0000005d6ad00000) (1024K)]
  0x000001865f97ffe0 JavaThread "parallel-1"                 daemon [_thread_blocked, id=26220, stack(0x0000005d6ad00000,0x0000005d6ae00000) (1024K)]
  0x000001865f981650 JavaThread "pool-5-thread-1"                   [_thread_blocked, id=24120, stack(0x0000005d6ae00000,0x0000005d6af00000) (1024K)]
  0x000001865e6126e0 JavaThread "parallel-2"                 daemon [_thread_blocked, id=24604, stack(0x0000005d6b100000,0x0000005d6b200000) (1024K)]
  0x000001865fc23380 JavaThread "pool-7-thread-1"                   [_thread_blocked, id=21200, stack(0x0000005d68a00000,0x0000005d68b00000) (1024K)]
  0x000001865fc23a10 JavaThread "parallel-3"                 daemon [_thread_blocked, id=9380, stack(0x0000005d68b00000,0x0000005d68c00000) (1024K)]
  0x000001865fc21940 JavaThread "Reconciler-1"               daemon [_thread_blocked, id=25276, stack(0x0000005d6b200000,0x0000005d6b300000) (1024K)]
  0x000001865fc25ae0 JavaThread "parallel-4"                 daemon [_thread_blocked, id=24556, stack(0x0000005d6b400000,0x0000005d6b500000) (1024K)]
  0x000001865fc26170 JavaThread "parallel-5"                 daemon [_thread_blocked, id=1624, stack(0x0000005d6bd00000,0x0000005d6be00000) (1024K)]
  0x000001865fc27520 JavaThread "CompletableFutureDelayScheduler" daemon [_thread_blocked, id=9004, stack(0x0000005d6ba00000,0x0000005d6bb00000) (1024K)]
  0x000001865fc26e90 JavaThread "parallel-6"                 daemon [_thread_blocked, id=25916, stack(0x0000005d6b800000,0x0000005d6b900000) (1024K)]
  0x000001865e613a90 JavaThread "parallel-7"                 daemon [_thread_blocked, id=6096, stack(0x0000005d6c000000,0x0000005d6c100000) (1024K)]
  0x000001865e613400 JavaThread "parallel-8"                 daemon [_thread_blocked, id=3996, stack(0x0000005d6c100000,0x0000005d6c200000) (1024K)]
Total: 27

Other Threads:
=>0x00000186186349c0 VMThread "VM Thread"                           [id=20728, stack(0x0000005d69300000,0x0000005d69400000) (1024K)]
  0x000001861861a1f0 WatcherThread "VM Periodic Task Thread"        [id=22724, stack(0x0000005d69200000,0x0000005d69300000) (1024K)]
  0x000001860e4afa90 WorkerThread "GC Thread#0"                     [id=16744, stack(0x0000005d68d00000,0x0000005d68e00000) (1024K)]
  0x000001865e713d90 WorkerThread "GC Thread#1"                     [id=20824, stack(0x0000005d69e00000,0x0000005d69f00000) (1024K)]
  0x000001865e7ba540 WorkerThread "GC Thread#2"                     [id=21876, stack(0x0000005d69f00000,0x0000005d6a000000) (1024K)]
  0x000001865e7baef0 WorkerThread "GC Thread#3"                     [id=9336, stack(0x0000005d6a000000,0x0000005d6a100000) (1024K)]
  0x000001865e5ca770 WorkerThread "GC Thread#4"                     [id=14420, stack(0x0000005d6a100000,0x0000005d6a200000) (1024K)]
  0x000001865e7ccef0 WorkerThread "GC Thread#5"                     [id=25080, stack(0x0000005d6a200000,0x0000005d6a300000) (1024K)]
  0x000001865eab2220 WorkerThread "GC Thread#6"                     [id=16484, stack(0x0000005d6a500000,0x0000005d6a600000) (1024K)]
  0x000001865f15f620 WorkerThread "GC Thread#7"                     [id=9156, stack(0x0000005d6a600000,0x0000005d6a700000) (1024K)]
  0x000001860e4b8980 ConcurrentGCThread "G1 Main Marker"            [id=208, stack(0x0000005d68e00000,0x0000005d68f00000) (1024K)]
  0x000001860e4b9390 WorkerThread "G1 Conc#0"                       [id=23708, stack(0x0000005d68f00000,0x0000005d69000000) (1024K)]
  0x000001865f15e7a0 WorkerThread "G1 Conc#1"                       [id=20564, stack(0x0000005d6a700000,0x0000005d6a800000) (1024K)]
  0x00000186184ecdb0 ConcurrentGCThread "G1 Refine#0"               [id=17252, stack(0x0000005d69000000,0x0000005d69100000) (1024K)]
  0x00000186184ed5d0 ConcurrentGCThread "G1 Service"                [id=19664, stack(0x0000005d69100000,0x0000005d69200000) (1024K)]
Total: 15

Threads with active compile tasks:
Total: 0

VM state: at safepoint (normal execution)

VM Mutex/Monitor currently owned by a thread:  ([mutex/lock_event])
[0x00007fff30055458] Threads_lock - owner thread: 0x00000186186349c0
[0x00007fff30055558] Heap_lock - owner thread: 0x000001865f61c9f0

Heap address: 0x00000000c0000000, size: 1024 MB, Compressed Oops mode: 32-bit

CDS archive(s) mapped at: [0x0000018619000000-0x0000018619ba0000-0x0000018619ba0000), size 12189696, SharedBaseAddress: 0x0000018619000000, ArchiveRelocationMode: 1.
Compressed class space mapped at: 0x000001861a000000-0x000001865a000000, reserved size: 1073741824
Narrow klass base: 0x0000018619000000, Narrow klass shift: 0, Narrow klass range: 0x100000000

GC Precious Log:
 CardTable entry size: 512
 Card Set container configuration: InlinePtr #cards 5 size 8 Array Of Cards #cards 12 size 40 Howl #buckets 4 coarsen threshold 1843 Howl Bitmap #cards 512 size 80 coarsen threshold 460 Card regions per heap region 1 cards per card region 2048
 CPUs: 8 total, 8 available
 Memory: 16221M
 Large Page Support: Disabled
 NUMA Support: Disabled
 Compressed Oops: Enabled (32-bit)
 Heap Region Size: 1M
 Heap Min Capacity: 8M
 Heap Initial Capacity: 254M
 Heap Max Capacity: 1G
 Pre-touch: Disabled
 Parallel Workers: 8
 Concurrent Workers: 2
 Concurrent Refinement Workers: 8
 Periodic GC: Disabled

Heap:
 garbage-first heap   total 99328K, used 37605K [0x00000000c0000000, 0x0000000100000000)
  region size 1024K, 1 young (1024K), 0 survivors (0K)
 Metaspace       used 54040K, committed 54656K, reserved 1114112K
  class space    used 6706K, committed 6976K, reserved 1048576K

Heap Regions: E=young(eden), S=young(survivor), O=old, HS=humongous(starts), HC=humongous(continues), CS=collection set, F=free, TAMS=top-at-mark-start, PB=parsable bottom
|   0|0x00000000c0000000, 0x00000000c0100000, 0x00000000c0100000|100%|HS|  |TAMS 0x00000000c0000000| PB 0x00000000c0000000| Untracked 
|   1|0x00000000c0100000, 0x00000000c0200000, 0x00000000c0200000|100%|HC|  |TAMS 0x00000000c0100000| PB 0x00000000c0100000| Untracked 
|   2|0x00000000c0200000, 0x00000000c0300000, 0x00000000c0300000|100%|HC|  |TAMS 0x00000000c0200000| PB 0x00000000c0200000| Untracked 
|   3|0x00000000c0300000, 0x00000000c0400000, 0x00000000c0400000|100%|HC|  |TAMS 0x00000000c0300000| PB 0x00000000c0300000| Untracked 
|   4|0x00000000c0400000, 0x00000000c0500000, 0x00000000c0500000|100%|HS|  |TAMS 0x00000000c0400000| PB 0x00000000c0400000| Untracked 
|   5|0x00000000c0500000, 0x00000000c0600000, 0x00000000c0600000|100%|HC|  |TAMS 0x00000000c0500000| PB 0x00000000c0500000| Untracked 
|   6|0x00000000c0600000, 0x00000000c06fb620, 0x00000000c0700000| 98%| O|  |TAMS 0x00000000c0600000| PB 0x00000000c0600000| Untracked 
|   7|0x00000000c0700000, 0x00000000c0800000, 0x00000000c0800000|100%| O|  |TAMS 0x00000000c0700000| PB 0x00000000c0700000| Untracked 
|   8|0x00000000c0800000, 0x00000000c08ffff0, 0x00000000c0900000| 99%| O|  |TAMS 0x00000000c0800000| PB 0x00000000c0800000| Untracked 
|   9|0x00000000c0900000, 0x00000000c0a00000, 0x00000000c0a00000|100%| O|  |TAMS 0x00000000c0900000| PB 0x00000000c0900000| Untracked 
|  10|0x00000000c0a00000, 0x00000000c0aff158, 0x00000000c0b00000| 99%| O|  |TAMS 0x00000000c0a00000| PB 0x00000000c0a00000| Untracked 
|  11|0x00000000c0b00000, 0x00000000c0bffff8, 0x00000000c0c00000| 99%| O|  |TAMS 0x00000000c0b00000| PB 0x00000000c0b00000| Untracked 
|  12|0x00000000c0c00000, 0x00000000c0cffff0, 0x00000000c0d00000| 99%| O|  |TAMS 0x00000000c0c00000| PB 0x00000000c0c00000| Untracked 
|  13|0x00000000c0d00000, 0x00000000c0dffff0, 0x00000000c0e00000| 99%| O|  |TAMS 0x00000000c0d00000| PB 0x00000000c0d00000| Untracked 
|  14|0x00000000c0e00000, 0x00000000c0efff28, 0x00000000c0f00000| 99%| O|  |TAMS 0x00000000c0e00000| PB 0x00000000c0e00000| Untracked 
|  15|0x00000000c0f00000, 0x00000000c0fffff0, 0x00000000c1000000| 99%| O|  |TAMS 0x00000000c0f00000| PB 0x00000000c0f00000| Untracked 
|  16|0x00000000c1000000, 0x00000000c1100000, 0x00000000c1100000|100%| O|  |TAMS 0x00000000c1000000| PB 0x00000000c1000000| Untracked 
|  17|0x00000000c1100000, 0x00000000c11fc7a8, 0x00000000c1200000| 98%| O|  |TAMS 0x00000000c1100000| PB 0x00000000c1100000| Untracked 
|  18|0x00000000c1200000, 0x00000000c12fffe0, 0x00000000c1300000| 99%| O|  |TAMS 0x00000000c1200000| PB 0x00000000c1200000| Untracked 
|  19|0x00000000c1300000, 0x00000000c13f93b8, 0x00000000c1400000| 97%| O|  |TAMS 0x00000000c1300000| PB 0x00000000c1300000| Untracked 
|  20|0x00000000c1400000, 0x00000000c14ffff0, 0x00000000c1500000| 99%| O|  |TAMS 0x00000000c1400000| PB 0x00000000c1400000| Untracked 
|  21|0x00000000c1500000, 0x00000000c15ffff0, 0x00000000c1600000| 99%| O|  |TAMS 0x00000000c1500000| PB 0x00000000c1500000| Untracked 
|  22|0x00000000c1600000, 0x00000000c16fffe0, 0x00000000c1700000| 99%| O|  |TAMS 0x00000000c1600000| PB 0x00000000c1600000| Untracked 
|  23|0x00000000c1700000, 0x00000000c1800000, 0x00000000c1800000|100%| O|  |TAMS 0x00000000c1700000| PB 0x00000000c1700000| Untracked 
|  24|0x00000000c1800000, 0x00000000c1900000, 0x00000000c1900000|100%| O|  |TAMS 0x00000000c1800000| PB 0x00000000c1800000| Untracked 
|  25|0x00000000c1900000, 0x00000000c19f7fc8, 0x00000000c1a00000| 96%| O|  |TAMS 0x00000000c1900000| PB 0x00000000c1900000| Untracked 
|  26|0x00000000c1a00000, 0x00000000c1afed40, 0x00000000c1b00000| 99%| O|  |TAMS 0x00000000c1a00000| PB 0x00000000c1a00000| Untracked 
|  27|0x00000000c1b00000, 0x00000000c1bffff8, 0x00000000c1c00000| 99%| O|  |TAMS 0x00000000c1b00000| PB 0x00000000c1b00000| Untracked 
|  28|0x00000000c1c00000, 0x00000000c1cffd18, 0x00000000c1d00000| 99%| O|  |TAMS 0x00000000c1c00000| PB 0x00000000c1c00000| Untracked 
|  29|0x00000000c1d00000, 0x00000000c1dfffe8, 0x00000000c1e00000| 99%| O|  |TAMS 0x00000000c1d00000| PB 0x00000000c1d00000| Untracked 
|  30|0x00000000c1e00000, 0x00000000c1efc918, 0x00000000c1f00000| 98%| O|  |TAMS 0x00000000c1e00000| PB 0x00000000c1e00000| Untracked 
|  31|0x00000000c1f00000, 0x00000000c1fdd8f0, 0x00000000c2000000| 86%| O|  |TAMS 0x00000000c1f00000| PB 0x00000000c1f00000| Untracked 
|  32|0x00000000c2000000, 0x00000000c20c3288, 0x00000000c2100000| 76%| O|  |TAMS 0x00000000c2000000| PB 0x00000000c2000000| Untracked 
|  33|0x00000000c2100000, 0x00000000c2135738, 0x00000000c2200000| 20%| O|  |TAMS 0x00000000c2100000| PB 0x00000000c2100000| Untracked 
|  34|0x00000000c2200000, 0x00000000c2200000, 0x00000000c2300000|  0%| F|  |TAMS 0x00000000c2200000| PB 0x00000000c2200000| Untracked 
|  35|0x00000000c2300000, 0x00000000c2300000, 0x00000000c2400000|  0%| F|  |TAMS 0x00000000c2300000| PB 0x00000000c2300000| Untracked 
|  36|0x00000000c2400000, 0x00000000c2400000, 0x00000000c2500000|  0%| F|  |TAMS 0x00000000c2400000| PB 0x00000000c2400000| Untracked 
|  37|0x00000000c2500000, 0x00000000c2500000, 0x00000000c2600000|  0%| F|  |TAMS 0x00000000c2500000| PB 0x00000000c2500000| Untracked 
|  38|0x00000000c2600000, 0x00000000c2600000, 0x00000000c2700000|  0%| F|  |TAMS 0x00000000c2600000| PB 0x00000000c2600000| Untracked 
|  39|0x00000000c2700000, 0x00000000c2700000, 0x00000000c2800000|  0%| F|  |TAMS 0x00000000c2700000| PB 0x00000000c2700000| Untracked 
|  40|0x00000000c2800000, 0x00000000c2900000, 0x00000000c2900000|100%|HS|  |TAMS 0x00000000c2800000| PB 0x00000000c2800000| Untracked 
|  41|0x00000000c2900000, 0x00000000c2a00000, 0x00000000c2a00000|100%|HS|  |TAMS 0x00000000c2900000| PB 0x00000000c2900000| Untracked 
|  42|0x00000000c2a00000, 0x00000000c2a00000, 0x00000000c2b00000|  0%| F|  |TAMS 0x00000000c2a00000| PB 0x00000000c2a00000| Untracked 
|  43|0x00000000c2b00000, 0x00000000c2b00000, 0x00000000c2c00000|  0%| F|  |TAMS 0x00000000c2b00000| PB 0x00000000c2b00000| Untracked 
|  44|0x00000000c2c00000, 0x00000000c2c00000, 0x00000000c2d00000|  0%| F|  |TAMS 0x00000000c2c00000| PB 0x00000000c2c00000| Untracked 
|  45|0x00000000c2d00000, 0x00000000c2d00000, 0x00000000c2e00000|  0%| F|  |TAMS 0x00000000c2d00000| PB 0x00000000c2d00000| Untracked 
|  46|0x00000000c2e00000, 0x00000000c2e00000, 0x00000000c2f00000|  0%| F|  |TAMS 0x00000000c2e00000| PB 0x00000000c2e00000| Untracked 
|  47|0x00000000c2f00000, 0x00000000c2f00000, 0x00000000c3000000|  0%| F|  |TAMS 0x00000000c2f00000| PB 0x00000000c2f00000| Untracked 
|  48|0x00000000c3000000, 0x00000000c3000000, 0x00000000c3100000|  0%| F|  |TAMS 0x00000000c3000000| PB 0x00000000c3000000| Untracked 
|  49|0x00000000c3100000, 0x00000000c3100000, 0x00000000c3200000|  0%| F|  |TAMS 0x00000000c3100000| PB 0x00000000c3100000| Untracked 
|  50|0x00000000c3200000, 0x00000000c3200000, 0x00000000c3300000|  0%| F|  |TAMS 0x00000000c3200000| PB 0x00000000c3200000| Untracked 
|  51|0x00000000c3300000, 0x00000000c3300000, 0x00000000c3400000|  0%| F|  |TAMS 0x00000000c3300000| PB 0x00000000c3300000| Untracked 
|  52|0x00000000c3400000, 0x00000000c3400000, 0x00000000c3500000|  0%| F|  |TAMS 0x00000000c3400000| PB 0x00000000c3400000| Untracked 
|  53|0x00000000c3500000, 0x00000000c3500000, 0x00000000c3600000|  0%| F|  |TAMS 0x00000000c3500000| PB 0x00000000c3500000| Untracked 
|  54|0x00000000c3600000, 0x00000000c3600000, 0x00000000c3700000|  0%| F|  |TAMS 0x00000000c3600000| PB 0x00000000c3600000| Untracked 
|  55|0x00000000c3700000, 0x00000000c3700000, 0x00000000c3800000|  0%| F|  |TAMS 0x00000000c3700000| PB 0x00000000c3700000| Untracked 
|  56|0x00000000c3800000, 0x00000000c3800000, 0x00000000c3900000|  0%| F|  |TAMS 0x00000000c3800000| PB 0x00000000c3800000| Untracked 
|  57|0x00000000c3900000, 0x00000000c3900000, 0x00000000c3a00000|  0%| F|  |TAMS 0x00000000c3900000| PB 0x00000000c3900000| Untracked 
|  58|0x00000000c3a00000, 0x00000000c3a00000, 0x00000000c3b00000|  0%| F|  |TAMS 0x00000000c3a00000| PB 0x00000000c3a00000| Untracked 
|  59|0x00000000c3b00000, 0x00000000c3b00000, 0x00000000c3c00000|  0%| F|  |TAMS 0x00000000c3b00000| PB 0x00000000c3b00000| Untracked 
|  60|0x00000000c3c00000, 0x00000000c3c00000, 0x00000000c3d00000|  0%| F|  |TAMS 0x00000000c3c00000| PB 0x00000000c3c00000| Untracked 
|  61|0x00000000c3d00000, 0x00000000c3d00000, 0x00000000c3e00000|  0%| F|  |TAMS 0x00000000c3d00000| PB 0x00000000c3d00000| Untracked 
|  62|0x00000000c3e00000, 0x00000000c3e00000, 0x00000000c3f00000|  0%| F|  |TAMS 0x00000000c3e00000| PB 0x00000000c3e00000| Untracked 
|  63|0x00000000c3f00000, 0x00000000c3f00000, 0x00000000c4000000|  0%| F|  |TAMS 0x00000000c3f00000| PB 0x00000000c3f00000| Untracked 
|  64|0x00000000c4000000, 0x00000000c4000000, 0x00000000c4100000|  0%| F|  |TAMS 0x00000000c4000000| PB 0x00000000c4000000| Untracked 
|  65|0x00000000c4100000, 0x00000000c4100000, 0x00000000c4200000|  0%| F|  |TAMS 0x00000000c4100000| PB 0x00000000c4100000| Untracked 
|  66|0x00000000c4200000, 0x00000000c4200000, 0x00000000c4300000|  0%| F|  |TAMS 0x00000000c4200000| PB 0x00000000c4200000| Untracked 
|  67|0x00000000c4300000, 0x00000000c4300000, 0x00000000c4400000|  0%| F|  |TAMS 0x00000000c4300000| PB 0x00000000c4300000| Untracked 
|  68|0x00000000c4400000, 0x00000000c4400000, 0x00000000c4500000|  0%| F|  |TAMS 0x00000000c4400000| PB 0x00000000c4400000| Untracked 
|  69|0x00000000c4500000, 0x00000000c4500000, 0x00000000c4600000|  0%| F|  |TAMS 0x00000000c4500000| PB 0x00000000c4500000| Untracked 
|  70|0x00000000c4600000, 0x00000000c4600000, 0x00000000c4700000|  0%| F|  |TAMS 0x00000000c4600000| PB 0x00000000c4600000| Untracked 
|  71|0x00000000c4700000, 0x00000000c4700000, 0x00000000c4800000|  0%| F|  |TAMS 0x00000000c4700000| PB 0x00000000c4700000| Untracked 
|  72|0x00000000c4800000, 0x00000000c4800000, 0x00000000c4900000|  0%| F|  |TAMS 0x00000000c4800000| PB 0x00000000c4800000| Untracked 
|  73|0x00000000c4900000, 0x00000000c4900000, 0x00000000c4a00000|  0%| F|  |TAMS 0x00000000c4900000| PB 0x00000000c4900000| Untracked 
|  74|0x00000000c4a00000, 0x00000000c4a00000, 0x00000000c4b00000|  0%| F|  |TAMS 0x00000000c4a00000| PB 0x00000000c4a00000| Untracked 
|  75|0x00000000c4b00000, 0x00000000c4b00000, 0x00000000c4c00000|  0%| F|  |TAMS 0x00000000c4b00000| PB 0x00000000c4b00000| Untracked 
|  76|0x00000000c4c00000, 0x00000000c4c00000, 0x00000000c4d00000|  0%| F|  |TAMS 0x00000000c4c00000| PB 0x00000000c4c00000| Untracked 
|  77|0x00000000c4d00000, 0x00000000c4d00000, 0x00000000c4e00000|  0%| F|  |TAMS 0x00000000c4d00000| PB 0x00000000c4d00000| Untracked 
|  78|0x00000000c4e00000, 0x00000000c4e00000, 0x00000000c4f00000|  0%| F|  |TAMS 0x00000000c4e00000| PB 0x00000000c4e00000| Untracked 
|  79|0x00000000c4f00000, 0x00000000c4f00000, 0x00000000c5000000|  0%| F|  |TAMS 0x00000000c4f00000| PB 0x00000000c4f00000| Untracked 
|  80|0x00000000c5000000, 0x00000000c5000000, 0x00000000c5100000|  0%| F|  |TAMS 0x00000000c5000000| PB 0x00000000c5000000| Untracked 
|  81|0x00000000c5100000, 0x00000000c5100000, 0x00000000c5200000|  0%| F|  |TAMS 0x00000000c5100000| PB 0x00000000c5100000| Untracked 
|  82|0x00000000c5200000, 0x00000000c5200000, 0x00000000c5300000|  0%| F|  |TAMS 0x00000000c5200000| PB 0x00000000c5200000| Untracked 
|  83|0x00000000c5300000, 0x00000000c5300000, 0x00000000c5400000|  0%| F|  |TAMS 0x00000000c5300000| PB 0x00000000c5300000| Untracked 
|  84|0x00000000c5400000, 0x00000000c5400000, 0x00000000c5500000|  0%| F|  |TAMS 0x00000000c5400000| PB 0x00000000c5400000| Untracked 
|  85|0x00000000c5500000, 0x00000000c5500000, 0x00000000c5600000|  0%| F|  |TAMS 0x00000000c5500000| PB 0x00000000c5500000| Untracked 
|  86|0x00000000c5600000, 0x00000000c5600000, 0x00000000c5700000|  0%| F|  |TAMS 0x00000000c5600000| PB 0x00000000c5600000| Untracked 
| 172|0x00000000cac00000, 0x00000000cac00000, 0x00000000cad00000|  0%| F|  |TAMS 0x00000000cac00000| PB 0x00000000cac00000| Untracked 
| 173|0x00000000cad00000, 0x00000000cad00000, 0x00000000cae00000|  0%| F|  |TAMS 0x00000000cad00000| PB 0x00000000cad00000| Untracked 
| 174|0x00000000cae00000, 0x00000000cae00000, 0x00000000caf00000|  0%| F|  |TAMS 0x00000000cae00000| PB 0x00000000cae00000| Untracked 
| 175|0x00000000caf00000, 0x00000000caf00000, 0x00000000cb000000|  0%| F|  |TAMS 0x00000000caf00000| PB 0x00000000caf00000| Untracked 
| 176|0x00000000cb000000, 0x00000000cb000000, 0x00000000cb100000|  0%| F|  |TAMS 0x00000000cb000000| PB 0x00000000cb000000| Untracked 
| 177|0x00000000cb100000, 0x00000000cb100000, 0x00000000cb200000|  0%| F|  |TAMS 0x00000000cb100000| PB 0x00000000cb100000| Untracked 
| 178|0x00000000cb200000, 0x00000000cb300000, 0x00000000cb300000|100%| O|  |TAMS 0x00000000cb200000| PB 0x00000000cb200000| Untracked 
| 179|0x00000000cb300000, 0x00000000cb300000, 0x00000000cb400000|  0%| F|  |TAMS 0x00000000cb300000| PB 0x00000000cb300000| Untracked 
| 180|0x00000000cb400000, 0x00000000cb411e28, 0x00000000cb500000|  6%| E|  |TAMS 0x00000000cb400000| PB 0x00000000cb400000| Complete 
| 252|0x00000000cfc00000, 0x00000000cfd00000, 0x00000000cfd00000|100%| O|  |TAMS 0x00000000cfc00000| PB 0x00000000cfc00000| Untracked 

Card table byte_map: [0x0000018614970000,0x0000018614b70000] _byte_map_base: 0x0000018614370000

Marking Bits: (CMBitMap*) 0x000001860e4b00a0
 Bits: [0x0000018614b70000, 0x0000018615b70000)

Polling page: 0x000001860c6c0000

Metaspace:

Usage:
  Non-class:     46.23 MB used.
      Class:      6.55 MB used.
       Both:     52.77 MB used.

Virtual space:
  Non-class space:       64.00 MB reserved,      46.56 MB ( 73%) committed,  1 nodes.
      Class space:        1.00 GB reserved,       6.81 MB ( <1%) committed,  1 nodes.
             Both:        1.06 GB reserved,      53.38 MB (  5%) committed. 

Chunk freelists:
   Non-Class:  1.46 MB
       Class:  9.15 MB
        Both:  10.61 MB

MaxMetaspaceSize: unlimited
CompressedClassSpaceSize: 1.00 GB
Initial GC threshold: 21.00 MB
Current GC threshold: 88.75 MB
CDS: on
 - commit_granule_bytes: 65536.
 - commit_granule_words: 8192.
 - virtual_space_node_default_size: 8388608.
 - enlarge_chunks_in_place: 1.
 - use_allocation_guard: 0.


Internal statistics:

num_allocs_failed_limit: 9.
num_arena_births: 1238.
num_arena_deaths: 600.
num_vsnodes_births: 2.
num_vsnodes_deaths: 0.
num_space_committed: 853.
num_space_uncommitted: 0.
num_chunks_returned_to_freelist: 691.
num_chunks_taken_from_freelist: 3412.
num_chunk_merges: 178.
num_chunk_splits: 2131.
num_chunks_enlarged: 1575.
num_inconsistent_stats: 0.

CodeCache: size=49152Kb used=2890Kb max_used=12052Kb free=46261Kb
 bounds [0x0000018611660000, 0x0000018612280000, 0x0000018614660000]
 total_blobs=1642, nmethods=925, adapters=641, full_count=0
Compilation: enabled, stopped_count=0, restarted_count=0

Compilation events (20 events):
Event: 35254.020 Thread 0x00000186186572a0 nmethod 6269 0x00000186117ed910 code [0x00000186117edac0, 0x00000186117edc18]
Event: 35254.020 Thread 0x00000186186572a0 6268       1       jdk.internal.org.objectweb.asm.ByteVector::putShort (52 bytes)
Event: 35254.021 Thread 0x00000186186572a0 nmethod 6268 0x00000186117d6d10 code [0x00000186117d6ec0, 0x00000186117d7040]
Event: 35254.021 Thread 0x00000186186572a0 6270       1       java.lang.Enum::ordinal (5 bytes)
Event: 35254.021 Thread 0x00000186186572a0 nmethod 6270 0x00000186117f4910 code [0x00000186117f4aa0, 0x00000186117f4b68]
Event: 35254.021 Thread 0x00000186186572a0 6267       1       jdk.internal.org.objectweb.asm.SymbolTable$Entry::<init> (17 bytes)
Event: 35254.021 Thread 0x00000186186572a0 nmethod 6267 0x000001861182cb10 code [0x000001861182ccc0, 0x000001861182cdd8]
Event: 35254.021 Thread 0x00000186186572a0 6260       1       java.util.HashMap$HashIterator::hasNext (13 bytes)
Event: 35254.021 Thread 0x0000018618a3c0a0 nmethod 6258 0x0000018611ee4d90 code [0x0000018611ee58a0, 0x0000018611ee8980]
Event: 35254.021 Thread 0x00000186186572a0 nmethod 6260 0x00000186117f5a90 code [0x00000186117f5c20, 0x00000186117f5cf8]
Event: 35254.022 Thread 0x00000186186572a0 6265       1       java.lang.invoke.InvokerBytecodeGenerator::emitStoreInsn (21 bytes)
Event: 35254.022 Thread 0x00000186186572a0 nmethod 6265 0x000001861187a790 code [0x000001861187a940, 0x000001861187aaa0]
Event: 35254.022 Thread 0x0000018618a3c0a0 6271       1       java.lang.Math::max (11 bytes)
Event: 35254.022 Thread 0x0000018618a3c0a0 nmethod 6271 0x0000018611825a90 code [0x0000018611825c20, 0x0000018611825cd0]
Event: 35254.022 Thread 0x00000186186572a0 6272       1       jdk.internal.org.objectweb.asm.Frame::push (109 bytes)
Event: 35254.023 Thread 0x00000186186572a0 nmethod 6272 0x0000018611833a90 code [0x0000018611833c40, 0x0000018611834028]
Event: 35365.598 Thread 0x00000186186572a0 6273       1       java.nio.charset.Charset::forName (20 bytes)
Event: 35365.599 Thread 0x00000186186572a0 nmethod 6273 0x000001861189b210 code [0x000001861189b3c0, 0x000001861189b548]
Event: 35365.599 Thread 0x00000186186572a0 6274       1       com.google.gson.stream.JsonReader::fillBuffer (168 bytes)
Event: 35365.600 Thread 0x00000186186572a0 nmethod 6274 0x00000186117fd610 code [0x00000186117fd7e0, 0x00000186117fdaf8]

GC Heap History (20 events):
Event: 84365.102 GC heap after
{Heap after GC invocations=3213 (full 3201):
 garbage-first heap   total 99328K, used 37605K [0x00000000c0000000, 0x0000000100000000)
  region size 1024K, 0 young (0K), 0 survivors (0K)
 Metaspace       used 54040K, committed 54656K, reserved 1114112K
  class space    used 6706K, committed 6976K, reserved 1048576K
}
Event: 84375.257 GC heap before
{Heap before GC invocations=3213 (full 3201):
 garbage-first heap   total 99328K, used 37605K [0x00000000c0000000, 0x0000000100000000)
  region size 1024K, 1 young (1024K), 0 survivors (0K)
 Metaspace       used 54040K, committed 54656K, reserved 1114112K
  class space    used 6706K, committed 6976K, reserved 1048576K
}
Event: 84375.286 GC heap after
{Heap after GC invocations=3214 (full 3202):
 garbage-first heap   total 99328K, used 37605K [0x00000000c0000000, 0x0000000100000000)
  region size 1024K, 0 young (0K), 0 survivors (0K)
 Metaspace       used 54040K, committed 54656K, reserved 1114112K
  class space    used 6706K, committed 6976K, reserved 1048576K
}
Event: 84385.473 GC heap before
{Heap before GC invocations=3214 (full 3202):
 garbage-first heap   total 99328K, used 37605K [0x00000000c0000000, 0x0000000100000000)
  region size 1024K, 1 young (1024K), 0 survivors (0K)
 Metaspace       used 54040K, committed 54656K, reserved 1114112K
  class space    used 6706K, committed 6976K, reserved 1048576K
}
Event: 84385.502 GC heap after
{Heap after GC invocations=3215 (full 3203):
 garbage-first heap   total 99328K, used 37605K [0x00000000c0000000, 0x0000000100000000)
  region size 1024K, 0 young (0K), 0 survivors (0K)
 Metaspace       used 54040K, committed 54656K, reserved 1114112K
  class space    used 6706K, committed 6976K, reserved 1048576K
}
Event: 84395.657 GC heap before
{Heap before GC invocations=3215 (full 3203):
 garbage-first heap   total 99328K, used 37605K [0x00000000c0000000, 0x0000000100000000)
  region size 1024K, 1 young (1024K), 0 survivors (0K)
 Metaspace       used 54040K, committed 54656K, reserved 1114112K
  class space    used 6706K, committed 6976K, reserved 1048576K
}
Event: 84395.681 GC heap after
{Heap after GC invocations=3216 (full 3204):
 garbage-first heap   total 99328K, used 37605K [0x00000000c0000000, 0x0000000100000000)
  region size 1024K, 0 young (0K), 0 survivors (0K)
 Metaspace       used 54040K, committed 54656K, reserved 1114112K
  class space    used 6706K, committed 6976K, reserved 1048576K
}
Event: 84405.839 GC heap before
{Heap before GC invocations=3216 (full 3204):
 garbage-first heap   total 99328K, used 37605K [0x00000000c0000000, 0x0000000100000000)
  region size 1024K, 1 young (1024K), 0 survivors (0K)
 Metaspace       used 54040K, committed 54656K, reserved 1114112K
  class space    used 6706K, committed 6976K, reserved 1048576K
}
Event: 84405.860 GC heap after
{Heap after GC invocations=3217 (full 3205):
 garbage-first heap   total 99328K, used 37605K [0x00000000c0000000, 0x0000000100000000)
  region size 1024K, 0 young (0K), 0 survivors (0K)
 Metaspace       used 54040K, committed 54656K, reserved 1114112K
  class space    used 6706K, committed 6976K, reserved 1048576K
}
Event: 84416.029 GC heap before
{Heap before GC invocations=3217 (full 3205):
 garbage-first heap   total 99328K, used 37605K [0x00000000c0000000, 0x0000000100000000)
  region size 1024K, 1 young (1024K), 0 survivors (0K)
 Metaspace       used 54040K, committed 54656K, reserved 1114112K
  class space    used 6706K, committed 6976K, reserved 1048576K
}
Event: 84416.051 GC heap after
{Heap after GC invocations=3218 (full 3206):
 garbage-first heap   total 99328K, used 37605K [0x00000000c0000000, 0x0000000100000000)
  region size 1024K, 0 young (0K), 0 survivors (0K)
 Metaspace       used 54040K, committed 54656K, reserved 1114112K
  class space    used 6706K, committed 6976K, reserved 1048576K
}
Event: 84426.191 GC heap before
{Heap before GC invocations=3218 (full 3206):
 garbage-first heap   total 99328K, used 37605K [0x00000000c0000000, 0x0000000100000000)
  region size 1024K, 1 young (1024K), 0 survivors (0K)
 Metaspace       used 54040K, committed 54656K, reserved 1114112K
  class space    used 6706K, committed 6976K, reserved 1048576K
}
Event: 84426.209 GC heap after
{Heap after GC invocations=3219 (full 3207):
 garbage-first heap   total 99328K, used 37605K [0x00000000c0000000, 0x0000000100000000)
  region size 1024K, 0 young (0K), 0 survivors (0K)
 Metaspace       used 54040K, committed 54656K, reserved 1114112K
  class space    used 6706K, committed 6976K, reserved 1048576K
}
Event: 84436.349 GC heap before
{Heap before GC invocations=3219 (full 3207):
 garbage-first heap   total 99328K, used 37605K [0x00000000c0000000, 0x0000000100000000)
  region size 1024K, 1 young (1024K), 0 survivors (0K)
 Metaspace       used 54040K, committed 54656K, reserved 1114112K
  class space    used 6706K, committed 6976K, reserved 1048576K
}
Event: 84436.367 GC heap after
{Heap after GC invocations=3220 (full 3208):
 garbage-first heap   total 99328K, used 37605K [0x00000000c0000000, 0x0000000100000000)
  region size 1024K, 0 young (0K), 0 survivors (0K)
 Metaspace       used 54040K, committed 54656K, reserved 1114112K
  class space    used 6706K, committed 6976K, reserved 1048576K
}
Event: 84446.650 GC heap before
{Heap before GC invocations=3220 (full 3208):
 garbage-first heap   total 99328K, used 37605K [0x00000000c0000000, 0x0000000100000000)
  region size 1024K, 1 young (1024K), 0 survivors (0K)
 Metaspace       used 54040K, committed 54656K, reserved 1114112K
  class space    used 6706K, committed 6976K, reserved 1048576K
}
Event: 84446.670 GC heap after
{Heap after GC invocations=3221 (full 3209):
 garbage-first heap   total 99328K, used 37605K [0x00000000c0000000, 0x0000000100000000)
  region size 1024K, 0 young (0K), 0 survivors (0K)
 Metaspace       used 54040K, committed 54656K, reserved 1114112K
  class space    used 6706K, committed 6976K, reserved 1048576K
}
Event: 84456.971 GC heap before
{Heap before GC invocations=3221 (full 3209):
 garbage-first heap   total 99328K, used 37605K [0x00000000c0000000, 0x0000000100000000)
  region size 1024K, 1 young (1024K), 0 survivors (0K)
 Metaspace       used 54040K, committed 54656K, reserved 1114112K
  class space    used 6706K, committed 6976K, reserved 1048576K
}
Event: 84456.991 GC heap after
{Heap after GC invocations=3222 (full 3210):
 garbage-first heap   total 99328K, used 37605K [0x00000000c0000000, 0x0000000100000000)
  region size 1024K, 0 young (0K), 0 survivors (0K)
 Metaspace       used 54040K, committed 54656K, reserved 1114112K
  class space    used 6706K, committed 6976K, reserved 1048576K
}
Event: 84467.184 GC heap before
{Heap before GC invocations=3222 (full 3210):
 garbage-first heap   total 99328K, used 37605K [0x00000000c0000000, 0x0000000100000000)
  region size 1024K, 1 young (1024K), 0 survivors (0K)
 Metaspace       used 54040K, committed 54656K, reserved 1114112K
  class space    used 6706K, committed 6976K, reserved 1048576K
}

Dll operation events (11 events):
Event: 0.030 Loaded shared library c:\Users\huill\.vscode\extensions\redhat.java-1.45.0-win32-x64\jre\21.0.8-win32-x86_64\bin\java.dll
Event: 0.075 Loaded shared library c:\Users\huill\.vscode\extensions\redhat.java-1.45.0-win32-x64\jre\21.0.8-win32-x86_64\bin\zip.dll
Event: 0.330 Loaded shared library C:\Users\huill\.vscode\extensions\redhat.java-1.45.0-win32-x64\jre\21.0.8-win32-x86_64\bin\net.dll
Event: 0.333 Loaded shared library C:\Users\huill\.vscode\extensions\redhat.java-1.45.0-win32-x64\jre\21.0.8-win32-x86_64\bin\nio.dll
Event: 0.340 Loaded shared library C:\Users\huill\.vscode\extensions\redhat.java-1.45.0-win32-x64\jre\21.0.8-win32-x86_64\bin\zip.dll
Event: 0.589 Loaded shared library C:\Users\huill\.vscode\extensions\redhat.java-1.45.0-win32-x64\jre\21.0.8-win32-x86_64\bin\jimage.dll
Event: 1.884 Loaded shared library c:\Users\huill\.vscode\extensions\redhat.java-1.45.0-win32-x64\jre\21.0.8-win32-x86_64\bin\verify.dll
Event: 3.586 Loaded shared library C:\Users\huill\.vscode\extensions\redhat.java-1.45.0-win32-x64\jre\21.0.8-win32-x86_64\bin\management.dll
Event: 3.589 Loaded shared library C:\Users\huill\.vscode\extensions\redhat.java-1.45.0-win32-x64\jre\21.0.8-win32-x86_64\bin\management_ext.dll
Event: 10.609 Loaded shared library C:\Users\huill\.vscode\extensions\redhat.java-1.45.0-win32-x64\jre\21.0.8-win32-x86_64\bin\sunmscapi.dll
Event: 10.798 Loaded shared library C:\Users\huill\.vscode\extensions\redhat.java-1.45.0-win32-x64\jre\21.0.8-win32-x86_64\bin\extnet.dll

Deoptimization events (8 events):
Event: 208.766 Thread 0x000001865f8c2e00 DEOPT PACKING pc=0x0000018611d4c65c sp=0x0000005d6abfea90
Event: 208.766 Thread 0x000001865f8c2e00 DEOPT UNPACKING pc=0x00000186116b4e42 sp=0x0000005d6abfdf48 mode 0
Event: 243.797 Thread 0x000001865f981650 DEOPT PACKING pc=0x0000018611f2288c sp=0x0000005d6aefe770
Event: 243.797 Thread 0x000001865f981650 DEOPT UNPACKING pc=0x00000186116b4e42 sp=0x0000005d6aefdcc0 mode 0
Event: 243.797 Thread 0x000001865f981650 DEOPT PACKING pc=0x0000018611f2288c sp=0x0000005d6aefe9a0
Event: 243.797 Thread 0x000001865f981650 DEOPT UNPACKING pc=0x00000186116b4e42 sp=0x0000005d6aefdef0 mode 0
Event: 243.798 Thread 0x000001865f981650 DEOPT PACKING pc=0x0000018611f2288c sp=0x0000005d6aefedf0
Event: 243.798 Thread 0x000001865f981650 DEOPT UNPACKING pc=0x00000186116b4e42 sp=0x0000005d6aefe340 mode 0

Classes loaded (20 events):
Event: 312.113 Loading class sun/nio/ch/SocketOptionRegistry
Event: 312.113 Loading class sun/nio/ch/SocketOptionRegistry done
Event: 312.113 Loading class sun/nio/ch/SocketOptionRegistry$RegistryKey
Event: 312.113 Loading class sun/nio/ch/SocketOptionRegistry$RegistryKey done
Event: 312.113 Loading class sun/nio/ch/SocketOptionRegistry$LazyInitialization
Event: 312.113 Loading class sun/nio/ch/SocketOptionRegistry$LazyInitialization done
Event: 312.113 Loading class sun/nio/ch/OptionKey
Event: 312.113 Loading class sun/nio/ch/OptionKey done
Event: 312.113 Loading class sun/nio/ch/ExtendedSocketOption
Event: 312.114 Loading class sun/nio/ch/ExtendedSocketOption done
Event: 312.114 Loading class sun/nio/ch/ExtendedSocketOption$1
Event: 312.114 Loading class sun/nio/ch/ExtendedSocketOption$1 done
Event: 312.114 Loading class sun/security/ssl/Alert
Event: 312.115 Loading class sun/security/ssl/Alert done
Event: 312.115 Loading class sun/security/ssl/Alert$AlertConsumer
Event: 312.115 Loading class sun/security/ssl/Alert$AlertConsumer done
Event: 312.115 Loading class sun/security/ssl/Alert$Level
Event: 312.115 Loading class sun/security/ssl/Alert$Level done
Event: 312.116 Loading class sun/net/ConnectionResetException
Event: 312.116 Loading class sun/net/ConnectionResetException done

Classes unloaded (20 events):
Event: 644.948 Thread 0x00000186186349c0 Unloading class 0x000001861a333800 'java/lang/invoke/LambdaForm$MH+0x000001861a333800'
Event: 644.948 Thread 0x00000186186349c0 Unloading class 0x000001861a333400 'java/lang/invoke/LambdaForm$MH+0x000001861a333400'
Event: 644.948 Thread 0x00000186186349c0 Unloading class 0x000001861a331400 'java/lang/invoke/LambdaForm$MH+0x000001861a331400'
Event: 644.948 Thread 0x00000186186349c0 Unloading class 0x000001861a66b000 'java/lang/invoke/LambdaForm$MH+0x000001861a66b000'
Event: 644.948 Thread 0x00000186186349c0 Unloading class 0x000001861a670400 'java/lang/invoke/LambdaForm$MH+0x000001861a670400'
Event: 644.948 Thread 0x00000186186349c0 Unloading class 0x000001861a6c8400 'java/lang/invoke/LambdaForm$MH+0x000001861a6c8400'
Event: 644.948 Thread 0x00000186186349c0 Unloading class 0x000001861a6ca400 'java/lang/invoke/LambdaForm$MH+0x000001861a6ca400'
Event: 644.948 Thread 0x00000186186349c0 Unloading class 0x000001861a4cd400 'java/lang/invoke/LambdaForm$BMH+0x000001861a4cd400'
Event: 644.948 Thread 0x00000186186349c0 Unloading class 0x000001861a0dcc00 'java/lang/invoke/LambdaForm$DMH+0x000001861a0dcc00'
Event: 644.948 Thread 0x00000186186349c0 Unloading class 0x000001861a43b000 'java/lang/invoke/LambdaForm$MH+0x000001861a43b000'
Event: 644.948 Thread 0x00000186186349c0 Unloading class 0x000001861a61d800 'java/lang/invoke/LambdaForm$MH+0x000001861a61d800'
Event: 644.948 Thread 0x00000186186349c0 Unloading class 0x000001861a626000 'java/lang/invoke/LambdaForm$MH+0x000001861a626000'
Event: 644.948 Thread 0x00000186186349c0 Unloading class 0x000001861a69f000 'java/lang/invoke/LambdaForm$MH+0x000001861a69f000'
Event: 665.632 Thread 0x00000186186349c0 Unloading class 0x000001861a61c000 'java/lang/invoke/LambdaForm$MH+0x000001861a61c000'
Event: 665.632 Thread 0x00000186186349c0 Unloading class 0x000001861a66ac00 'java/lang/invoke/LambdaForm$MH+0x000001861a66ac00'
Event: 665.632 Thread 0x00000186186349c0 Unloading class 0x000001861a66a400 'java/lang/invoke/LambdaForm$MH+0x000001861a66a400'
Event: 665.632 Thread 0x00000186186349c0 Unloading class 0x000001861a69ec00 'java/lang/invoke/LambdaForm$MH+0x000001861a69ec00'
Event: 35321.166 Thread 0x00000186186349c0 Unloading class 0x000001861a48c800 'java/lang/invoke/LambdaForm$MH+0x000001861a48c800'
Event: 35321.166 Thread 0x00000186186349c0 Unloading class 0x000001861a490000 'java/lang/invoke/LambdaForm$MH+0x000001861a490000'
Event: 35321.166 Thread 0x00000186186349c0 Unloading class 0x000001861a66ac00 'java/lang/invoke/LambdaForm$MH+0x000001861a66ac00'

Classes redefined (0 events):
No events

Internal exceptions (20 events):
Event: 210.349 Thread 0x000001865fc20c20 Exception <a 'java/lang/NoSuchMethodError'{0x00000000c4c98588}: 'java.lang.Object java.lang.invoke.DelegatingMethodHandle$Holder.reinvoke_L(java.lang.Object, java.lang.Object, java.lang.Object, int, java.lang.Object, int, java.lang.Object, java.lang.Object, int, java.lang.Object, int)'> (0x00000000c4c98588) 
thrown [s\src\hotspot\share\interpreter\linkResolver.cpp, line 773]
Event: 210.430 Thread 0x000001865fc20590 Exception <a 'java/lang/NoSuchMethodError'{0x00000000c4692528}: 'void java.lang.invoke.DirectMethodHandle$Holder.invokeStatic(java.lang.Object, java.lang.Object, java.lang.Object, java.lang.Object, java.lang.Object, java.lang.Object, java.lang.Object)'> (0x00000000c4692528) 
thrown [s\src\hotspot\share\interpreter\linkResolver.cpp, line 773]
Event: 240.690 Thread 0x000001865f8c2e00 Exception <a 'java/lang/IncompatibleClassChangeError'{0x00000000cb28eff0}: Found class java.lang.Object, but interface was expected> (0x00000000cb28eff0) 
thrown [s\src\hotspot\share\interpreter\linkResolver.cpp, line 840]
Event: 241.441 Thread 0x000001865f8c2e00 Exception <a 'java/lang/IncompatibleClassChangeError'{0x00000000c44f0968}: Found class java.lang.Object, but interface was expected> (0x00000000c44f0968) 
thrown [s\src\hotspot\share\interpreter\linkResolver.cpp, line 840]
Event: 241.575 Thread 0x000001865f8c2e00 Exception <a 'java/lang/IncompatibleClassChangeError'{0x00000000c44f7ea0}: Found class java.lang.Object, but interface was expected> (0x00000000c44f7ea0) 
thrown [s\src\hotspot\share\interpreter\linkResolver.cpp, line 840]
Event: 243.791 Thread 0x000001865f981650 Exception <a 'java/lang/NoSuchMethodError'{0x00000000cae55e88}: 'long java.lang.invoke.DelegatingMethodHandle$Holder.reinvoke_L(java.lang.Object, java.lang.Object)'> (0x00000000cae55e88) 
thrown [s\src\hotspot\share\interpreter\linkResolver.cpp, line 773]
Event: 243.791 Thread 0x000001865f981650 Exception <a 'java/lang/NoSuchMethodError'{0x00000000cae5c538}: 'void java.lang.invoke.DelegatingMethodHandle$Holder.reinvoke_L(java.lang.Object, java.lang.Object, long)'> (0x00000000cae5c538) 
thrown [s\src\hotspot\share\interpreter\linkResolver.cpp, line 773]
Event: 243.791 Thread 0x000001865f981650 Exception <a 'java/lang/NoSuchMethodError'{0x00000000cae62ce0}: 'long java.lang.invoke.Invokers$Holder.invokeExact_MT(java.lang.Object, java.lang.Object, java.lang.Object)'> (0x00000000cae62ce0) 
thrown [s\src\hotspot\share\interpreter\linkResolver.cpp, line 773]
Event: 312.116 Thread 0x000001865fc212b0 Exception <a 'java/io/IOException'{0x00000000c4f1f0e0}> (0x00000000c4f1f0e0) 
thrown [s\src\hotspot\share\prims\jni.cpp, line 520]
Event: 312.440 Thread 0x000001865fc22660 Exception <a 'java/io/IOException'{0x00000000c4f2ef68}> (0x00000000c4f2ef68) 
thrown [s\src\hotspot\share\prims\jni.cpp, line 520]
Event: 313.278 Thread 0x000001865fc22cf0 Exception <a 'java/io/IOException'{0x00000000c4f3d988}> (0x00000000c4f3d988) 
thrown [s\src\hotspot\share\prims\jni.cpp, line 520]
Event: 560.710 Thread 0x000001865fc20c20 Exception <a 'java/lang/NoSuchMethodError'{0x00000000cb4c6e30}: 'java.lang.Object java.lang.invoke.DirectMethodHandle$Holder.newInvokeSpecial(java.lang.Object, java.lang.Object, java.lang.Object, java.lang.Object, java.lang.Object, java.lang.Object, java.lang.Object, int)'> (0x00000000cb4c6e30) 
thrown [s\src\hotspot\share\interpreter\linkResolver.cpp, line 773]
Event: 560.710 Thread 0x000001865fc20c20 Exception <a 'java/lang/NoSuchMethodError'{0x00000000cb4cab28}: 'java.lang.Object java.lang.invoke.DelegatingMethodHandle$Holder.reinvoke_L(java.lang.Object, java.lang.Object, java.lang.Object, java.lang.Object, java.lang.Object, java.lang.Object, java.lang.Object, int)'> (0x00000000cb4cab28) 
thrown [s\src\hotspot\share\interpreter\linkResolver.cpp, line 773]
Event: 560.713 Thread 0x000001865fc20c20 Exception <a 'java/lang/NoSuchMethodError'{0x00000000cb3143c0}: 'java.lang.Object java.lang.invoke.DelegatingMethodHandle$Holder.reinvoke_L(java.lang.Object, java.lang.Object, java.lang.Object, java.lang.Object, java.lang.Object, int, int, int)'> (0x00000000cb3143c0) 
thrown [s\src\hotspot\share\interpreter\linkResolver.cpp, line 773]
Event: 560.952 Thread 0x000001865fc20c20 Exception <a 'java/lang/NoSuchMethodError'{0x00000000cac42a28}: 'java.lang.Object java.lang.invoke.DirectMethodHandle$Holder.newInvokeSpecial(java.lang.Object, java.lang.Object, int, java.lang.Object)'> (0x00000000cac42a28) 
thrown [s\src\hotspot\share\interpreter\linkResolver.cpp, line 773]
Event: 560.952 Thread 0x000001865fc20c20 Exception <a 'java/lang/NoSuchMethodError'{0x00000000cac46408}: 'java.lang.Object java.lang.invoke.Invokers$Holder.linkToTargetMethod(java.lang.Object, int, java.lang.Object, java.lang.Object)'> (0x00000000cac46408) 
thrown [s\src\hotspot\share\interpreter\linkResolver.cpp, line 773]
Event: 560.954 Thread 0x000001865fc20c20 Exception <a 'java/lang/NoSuchMethodError'{0x00000000cac49c88}: 'void java.lang.invoke.DirectMethodHandle$Holder.invokeStatic(java.lang.Object, int, java.lang.Object)'> (0x00000000cac49c88) 
thrown [s\src\hotspot\share\interpreter\linkResolver.cpp, line 773]
Event: 560.957 Thread 0x000001865fc20c20 Exception <a 'java/lang/NoSuchMethodError'{0x00000000cac64458}: 'void java.lang.invoke.DelegatingMethodHandle$Holder.reinvoke_L(java.lang.Object, java.lang.Object, int)'> (0x00000000cac64458) 
thrown [s\src\hotspot\share\interpreter\linkResolver.cpp, line 773]
Event: 560.958 Thread 0x000001865fc20c20 Exception <a 'java/lang/NoSuchMethodError'{0x00000000cac73b28}: 'java.lang.Object java.lang.invoke.DelegatingMethodHandle$Holder.reinvoke_L(java.lang.Object, java.lang.Object, java.lang.Object, int, java.lang.Object, int, java.lang.Object, java.lang.Object, int, java.lang.Object, int)'> (0x00000000cac73b28) 
thrown [s\src\hotspot\share\interpreter\linkResolver.cpp, line 773]
Event: 35254.019 Thread 0x000001865f8c2e00 Exception <a 'java/lang/IncompatibleClassChangeError'{0x00000000cb41e5b0}: Found class java.lang.Object, but interface was expected> (0x00000000cb41e5b0) 
thrown [s\src\hotspot\share\interpreter\linkResolver.cpp, line 840]

ZGC Phase Switch (0 events):
No events

VM Operations (20 events):
Event: 84365.102 Executing VM operation: G1CollectFull (System.gc()) done
Event: 84375.257 Executing VM operation: G1CollectFull (System.gc())
Event: 84375.286 Executing VM operation: G1CollectFull (System.gc()) done
Event: 84385.473 Executing VM operation: G1CollectFull (System.gc())
Event: 84385.502 Executing VM operation: G1CollectFull (System.gc()) done
Event: 84395.657 Executing VM operation: G1CollectFull (System.gc())
Event: 84395.681 Executing VM operation: G1CollectFull (System.gc()) done
Event: 84405.839 Executing VM operation: G1CollectFull (System.gc())
Event: 84405.860 Executing VM operation: G1CollectFull (System.gc()) done
Event: 84416.029 Executing VM operation: G1CollectFull (System.gc())
Event: 84416.051 Executing VM operation: G1CollectFull (System.gc()) done
Event: 84426.191 Executing VM operation: G1CollectFull (System.gc())
Event: 84426.209 Executing VM operation: G1CollectFull (System.gc()) done
Event: 84436.349 Executing VM operation: G1CollectFull (System.gc())
Event: 84436.367 Executing VM operation: G1CollectFull (System.gc()) done
Event: 84446.649 Executing VM operation: G1CollectFull (System.gc())
Event: 84446.670 Executing VM operation: G1CollectFull (System.gc()) done
Event: 84456.971 Executing VM operation: G1CollectFull (System.gc())
Event: 84456.991 Executing VM operation: G1CollectFull (System.gc()) done
Event: 84467.184 Executing VM operation: G1CollectFull (System.gc())

Memory protections (0 events):
No events

Nmethod flushes (20 events):
Event: 30091.809 Thread 0x00000186186349c0 flushing  nmethod 0x00000186121d2690
Event: 30091.809 Thread 0x00000186186349c0 flushing  nmethod 0x00000186121d3b90
Event: 30091.809 Thread 0x00000186186349c0 flushing  nmethod 0x00000186121d3e90
Event: 30091.809 Thread 0x00000186186349c0 flushing  nmethod 0x00000186121d4990
Event: 30091.809 Thread 0x00000186186349c0 flushing  nmethod 0x00000186121d6010
Event: 30091.809 Thread 0x00000186186349c0 flushing  nmethod 0x00000186121d6490
Event: 30091.809 Thread 0x00000186186349c0 flushing  nmethod 0x00000186121d6910
Event: 30091.809 Thread 0x00000186186349c0 flushing  nmethod 0x00000186121dcb10
Event: 30091.809 Thread 0x00000186186349c0 flushing  nmethod 0x00000186121dd590
Event: 30091.809 Thread 0x00000186186349c0 flushing  nmethod 0x00000186121dd890
Event: 30091.809 Thread 0x00000186186349c0 flushing  nmethod 0x00000186121ddb90
Event: 30091.809 Thread 0x00000186186349c0 flushing  nmethod 0x00000186121de110
Event: 30091.809 Thread 0x00000186186349c0 flushing  nmethod 0x00000186121de510
Event: 30091.809 Thread 0x00000186186349c0 flushing  nmethod 0x00000186121de810
Event: 30091.809 Thread 0x00000186186349c0 flushing  nmethod 0x00000186121df590
Event: 30091.809 Thread 0x00000186186349c0 flushing  nmethod 0x00000186121e0310
Event: 30091.809 Thread 0x00000186186349c0 flushing  nmethod 0x00000186121e0a90
Event: 30091.809 Thread 0x00000186186349c0 flushing  nmethod 0x00000186121e0f10
Event: 30091.809 Thread 0x00000186186349c0 flushing  nmethod 0x00000186121e2c10
Event: 30091.809 Thread 0x00000186186349c0 flushing  nmethod 0x00000186121e3810

Events (20 events):
Event: 372.449 Thread 0x000001865fc22660 Thread exited: 0x000001865fc22660
Event: 372.449 Thread 0x000001865fc20590 Thread exited: 0x000001865fc20590
Event: 373.286 Thread 0x000001865fc22cf0 Thread exited: 0x000001865fc22cf0
Event: 373.286 Thread 0x000001865fc212b0 Thread exited: 0x000001865fc212b0
Event: 434.946 Thread 0x000001865f8c2e00 Thread added: 0x000001865fc20590
Event: 531.980 Thread 0x000001865fc20590 Thread exited: 0x000001865fc20590
Event: 560.646 Thread 0x000001865f8c2e00 Thread added: 0x000001865fc22cf0
Event: 560.702 Thread 0x000001865f8c2e00 Thread added: 0x000001865fc21fd0
Event: 560.705 Thread 0x000001865fc22cf0 Thread added: 0x000001865fc20c20
Event: 560.727 Thread 0x000001865fc21fd0 Thread added: 0x000001865fc1ff00
Event: 560.730 Thread 0x000001865f8c2e00 Thread added: 0x000001865fc20590
Event: 620.748 Thread 0x000001865fc20590 Thread exited: 0x000001865fc20590
Event: 620.965 Thread 0x000001865fc20c20 Thread exited: 0x000001865fc20c20
Event: 620.965 Thread 0x000001865fc21fd0 Thread exited: 0x000001865fc21fd0
Event: 621.260 Thread 0x000001865fc22cf0 Thread exited: 0x000001865fc22cf0
Event: 680.965 Thread 0x000001865fc1ff00 Thread exited: 0x000001865fc1ff00
Event: 30048.578 Thread 0x000001865f8c2e00 Thread added: 0x000001865fc1ff00
Event: 30108.597 Thread 0x000001865fc1ff00 Thread exited: 0x000001865fc1ff00
Event: 35254.013 Thread 0x00000186186572a0 Thread added: 0x0000018618a3c0a0
Event: 35259.034 Thread 0x0000018618a3c0a0 Thread exited: 0x0000018618a3c0a0


Dynamic libraries:
0x00007ff7e8080000 - 0x00007ff7e808e000 	c:\Users\huill\.vscode\extensions\redhat.java-1.45.0-win32-x64\jre\21.0.8-win32-x86_64\bin\java.exe
0x00007ff803300000 - 0x00007ff803567000 	C:\WINDOWS\SYSTEM32\ntdll.dll
0x00007ff8027d0000 - 0x00007ff802899000 	C:\WINDOWS\System32\KERNEL32.DLL
0x00007ff800830000 - 0x00007ff800c20000 	C:\WINDOWS\System32\KERNELBASE.dll
0x00007ff800560000 - 0x00007ff8006ab000 	C:\WINDOWS\System32\ucrtbase.dll
0x00007fffd84e0000 - 0x00007fffd84f8000 	c:\Users\huill\.vscode\extensions\redhat.java-1.45.0-win32-x64\jre\21.0.8-win32-x86_64\bin\jli.dll
0x00007ff802260000 - 0x00007ff802425000 	C:\WINDOWS\System32\USER32.dll
0x00007ff801060000 - 0x00007ff801087000 	C:\WINDOWS\System32\win32u.dll
0x00007ff8028c0000 - 0x00007ff8028eb000 	C:\WINDOWS\System32\GDI32.dll
0x00007ff800e60000 - 0x00007ff800f98000 	C:\WINDOWS\System32\gdi32full.dll
0x00007ff800db0000 - 0x00007ff800e53000 	C:\WINDOWS\System32\msvcp_win.dll
0x00007fffe9790000 - 0x00007fffe9a2a000 	C:\WINDOWS\WinSxS\amd64_microsoft.windows.common-controls_6595b64144ccf1df_6.0.26100.4768_none_3e0c112ce331287c\COMCTL32.dll
0x00007ff8021a0000 - 0x00007ff802249000 	C:\WINDOWS\System32\msvcrt.dll
0x00007fffc9a40000 - 0x00007fffc9a5e000 	c:\Users\huill\.vscode\extensions\redhat.java-1.45.0-win32-x64\jre\21.0.8-win32-x86_64\bin\VCRUNTIME140.dll
0x00007ff802150000 - 0x00007ff80217f000 	C:\WINDOWS\System32\IMM32.DLL
0x00007fffe6980000 - 0x00007fffe698c000 	c:\Users\huill\.vscode\extensions\redhat.java-1.45.0-win32-x64\jre\21.0.8-win32-x86_64\bin\vcruntime140_1.dll
0x00007fff80da0000 - 0x00007fff80e2d000 	c:\Users\huill\.vscode\extensions\redhat.java-1.45.0-win32-x64\jre\21.0.8-win32-x86_64\bin\msvcp140.dll
0x00007fff2f3a0000 - 0x00007fff30137000 	c:\Users\huill\.vscode\extensions\redhat.java-1.45.0-win32-x64\jre\21.0.8-win32-x86_64\bin\server\jvm.dll
0x00007ff801d80000 - 0x00007ff801e34000 	C:\WINDOWS\System32\ADVAPI32.dll
0x00007ff801e40000 - 0x00007ff801ee6000 	C:\WINDOWS\System32\sechost.dll
0x00007ff802b40000 - 0x00007ff802c58000 	C:\WINDOWS\System32\RPCRT4.dll
0x00007ff802ca0000 - 0x00007ff802d14000 	C:\WINDOWS\System32\WS2_32.dll
0x00007ff800290000 - 0x00007ff8002ee000 	C:\WINDOWS\SYSTEM32\POWRPROF.dll
0x00007ffff0620000 - 0x00007ffff0655000 	C:\WINDOWS\SYSTEM32\WINMM.dll
0x00007ffff8bc0000 - 0x00007ffff8bcb000 	C:\WINDOWS\SYSTEM32\VERSION.dll
0x00007ff800270000 - 0x00007ff800284000 	C:\WINDOWS\SYSTEM32\UMPDC.dll
0x00007fffff1a0000 - 0x00007fffff1bb000 	C:\WINDOWS\SYSTEM32\kernel.appcore.dll
0x00007fffe1c50000 - 0x00007fffe1c5a000 	c:\Users\huill\.vscode\extensions\redhat.java-1.45.0-win32-x64\jre\21.0.8-win32-x86_64\bin\jimage.dll
0x00007ffffdca0000 - 0x00007ffffdee1000 	C:\WINDOWS\SYSTEM32\DBGHELP.DLL
0x00007ff802f20000 - 0x00007ff8032a5000 	C:\WINDOWS\System32\combase.dll
0x00007ff8029f0000 - 0x00007ff802ad0000 	C:\WINDOWS\System32\OLEAUT32.dll
0x00007fffe5b90000 - 0x00007fffe5bd3000 	C:\WINDOWS\SYSTEM32\dbgcore.DLL
0x00007ff8004c0000 - 0x00007ff800559000 	C:\WINDOWS\System32\bcryptPrimitives.dll
0x00007fffc9150000 - 0x00007fffc916f000 	c:\Users\huill\.vscode\extensions\redhat.java-1.45.0-win32-x64\jre\21.0.8-win32-x86_64\bin\java.dll
0x00007ff801090000 - 0x00007ff8017dd000 	C:\WINDOWS\System32\SHELL32.dll
0x00007ff800c30000 - 0x00007ff800da3000 	C:\WINDOWS\System32\wintypes.dll
0x00007ffffdff0000 - 0x00007ffffe850000 	C:\WINDOWS\SYSTEM32\windows.storage.dll
0x00007ff8026d0000 - 0x00007ff8027c5000 	C:\WINDOWS\System32\SHCORE.dll
0x00007ff801ef0000 - 0x00007ff801f5a000 	C:\WINDOWS\System32\shlwapi.dll
0x00007ff800350000 - 0x00007ff800379000 	C:\WINDOWS\SYSTEM32\profapi.dll
0x00007fffb3da0000 - 0x00007fffb3db8000 	c:\Users\huill\.vscode\extensions\redhat.java-1.45.0-win32-x64\jre\21.0.8-win32-x86_64\bin\zip.dll
0x00007fffdd820000 - 0x00007fffdd830000 	C:\Users\huill\.vscode\extensions\redhat.java-1.45.0-win32-x64\jre\21.0.8-win32-x86_64\bin\net.dll
0x00007ffff8da0000 - 0x00007ffff8ebe000 	C:\WINDOWS\SYSTEM32\WINHTTP.dll
0x00007fffff730000 - 0x00007fffff79b000 	C:\WINDOWS\system32\mswsock.dll
0x00007fffb3d80000 - 0x00007fffb3d96000 	C:\Users\huill\.vscode\extensions\redhat.java-1.45.0-win32-x64\jre\21.0.8-win32-x86_64\bin\nio.dll
0x00007fffd9de0000 - 0x00007fffd9df0000 	c:\Users\huill\.vscode\extensions\redhat.java-1.45.0-win32-x64\jre\21.0.8-win32-x86_64\bin\verify.dll
0x00007fffff9f0000 - 0x00007fffffa0b000 	C:\WINDOWS\SYSTEM32\CRYPTSP.dll
0x00007fffff100000 - 0x00007fffff13b000 	C:\WINDOWS\system32\rsaenh.dll
0x00007fffff7d0000 - 0x00007fffff7fb000 	C:\WINDOWS\SYSTEM32\USERENV.dll
0x00007ff800320000 - 0x00007ff800346000 	C:\WINDOWS\SYSTEM32\bcrypt.dll
0x00007ff800000000 - 0x00007ff80000c000 	C:\WINDOWS\SYSTEM32\CRYPTBASE.dll
0x00007ffffebb0000 - 0x00007ffffebe3000 	C:\WINDOWS\SYSTEM32\IPHLPAPI.DLL
0x00007ff802c90000 - 0x00007ff802c9a000 	C:\WINDOWS\System32\NSI.dll
0x00007ffff9030000 - 0x00007ffff903a000 	C:\Users\huill\.vscode\extensions\redhat.java-1.45.0-win32-x64\jre\21.0.8-win32-x86_64\bin\management.dll
0x00007fffd9dc0000 - 0x00007fffd9dcb000 	C:\Users\huill\.vscode\extensions\redhat.java-1.45.0-win32-x64\jre\21.0.8-win32-x86_64\bin\management_ext.dll
0x00007ff802250000 - 0x00007ff802258000 	C:\WINDOWS\System32\PSAPI.DLL
0x00007ffff0610000 - 0x00007ffff061e000 	C:\Users\huill\.vscode\extensions\redhat.java-1.45.0-win32-x64\jre\21.0.8-win32-x86_64\bin\sunmscapi.dll
0x00007ff8006b0000 - 0x00007ff800827000 	C:\WINDOWS\System32\CRYPT32.dll
0x00007fffffc00000 - 0x00007fffffc30000 	C:\WINDOWS\SYSTEM32\ncrypt.dll
0x00007fffffbb0000 - 0x00007fffffbef000 	C:\WINDOWS\SYSTEM32\NTASN1.dll
0x00007ffffec50000 - 0x00007ffffed76000 	C:\WINDOWS\SYSTEM32\DNSAPI.dll
0x00007ffff8750000 - 0x00007ffff875b000 	C:\Windows\System32\rasadhlp.dll
0x00007ffff88c0000 - 0x00007ffff8946000 	C:\WINDOWS\System32\fwpuclnt.dll
0x00007fffe2150000 - 0x00007fffe2159000 	C:\Users\huill\.vscode\extensions\redhat.java-1.45.0-win32-x64\jre\21.0.8-win32-x86_64\bin\extnet.dll

JVMTI agents: none

dbghelp: loaded successfully - version: 4.0.5 - missing functions: none
symbol engine: initialized successfully - sym options: 0x614 - pdb path: .;c:\Users\huill\.vscode\extensions\redhat.java-1.45.0-win32-x64\jre\21.0.8-win32-x86_64\bin;C:\WINDOWS\SYSTEM32;C:\WINDOWS\WinSxS\amd64_microsoft.windows.common-controls_6595b64144ccf1df_6.0.26100.4768_none_3e0c112ce331287c;c:\Users\huill\.vscode\extensions\redhat.java-1.45.0-win32-x64\jre\21.0.8-win32-x86_64\bin\server

VM Arguments:
jvm_args: -Xmx1024m -Dsts.lsp.client=vscode -Dsts.log.file=/dev/null -XX:TieredStopAtLevel=1 -Xlog:jni+resolve=off -Dspring.config.location=file:c:\Users\huill\.vscode\extensions\vmware.vscode-spring-boot-1.56.0\language-server\BOOT-INF\classes\application.properties 
java_command: org.springframework.ide.vscode.boot.app.BootLanguageServerBootApp
java_class_path (initial): c:\Users\huill\.vscode\extensions\vmware.vscode-spring-boot-1.56.0\language-server\BOOT-INF\classes;c:\Users\huill\.vscode\extensions\vmware.vscode-spring-boot-1.56.0\language-server\BOOT-INF\lib\annotations-24.1.0.jar;c:\Users\huill\.vscode\extensions\vmware.vscode-spring-boot-1.56.0\language-server\BOOT-INF\lib\antlr4-runtime-4.13.1.jar;c:\Users\huill\.vscode\extensions\vmware.vscode-spring-boot-1.56.0\language-server\BOOT-INF\lib\asm-9.7.jar;c:\Users\huill\.vscode\extensions\vmware.vscode-spring-boot-1.56.0\language-server\BOOT-INF\lib\asm-analysis-9.7.jar;c:\Users\huill\.vscode\extensions\vmware.vscode-spring-boot-1.56.0\language-server\BOOT-INF\lib\asm-tree-9.7.jar;c:\Users\huill\.vscode\extensions\vmware.vscode-spring-boot-1.56.0\language-server\BOOT-INF\lib\asm-util-9.7.jar;c:\Users\huill\.vscode\extensions\vmware.vscode-spring-boot-1.56.0\language-server\BOOT-INF\lib\caffeine-3.1.8.jar;c:\Users\huill\.vscode\extensions\vmware.vscode-spring-boot-1.56.0\language-server\BOOT-INF\lib\checker-qual-3.12.0.jar;c:\Users\huill\.vscode\extensions\vmware.vscode-spring-boot-1.56.0\language-server\BOOT-INF\lib\classgraph-4.8.149.jar;c:\Users\huill\.vscode\extensions\vmware.vscode-spring-boot-1.56.0\language-server\BOOT-INF\lib\commons-codec-1.16.1.jar;c:\Users\huill\.vscode\extensions\vmware.vscode-spring-boot-1.56.0\language-server\BOOT-INF\lib\commons-compress-1.26.2.jar;c:\Users\huill\.vscode\extensions\vmware.vscode-spring-boot-1.56.0\language-server\BOOT-INF\lib\commons-io-2.16.1.jar;c:\Users\huill\.vscode\extensions\vmware.vscode-spring-boot-1.56.0\language-server\BOOT-INF\lib\commons-java-1.56.0-SNAPSHOT.jar;c:\Users\huill\.vscode\extensions\vmware.vscode-spring-boot-1.56.0\language-server\BOOT-INF\lib\commons-lang3-3.14.0.jar;c:\Users\huill\.vscode\extensions\vmware.vscode-spring-boot-1.56.0\language-server\BOOT-INF\lib\commons-language-server-1.56.0-SNAPSHOT.jar;c:\Users\huill\.vscode\extensions\vmware.vscode-spring-boot-1.56.0\language-server\BOOT-INF\lib\commons-lsp-extensions-1.56.0-SNAPSHOT.jar;c:\Users\huill\.vscode\extensions\vmware.vscode-spring-boot-1.56.0\language-server\BOOT-INF\lib\commons-rewrite-1.56.0-SNAPSHOT.jar;c:\Users\huill\.vscode\extensions\vmware.vscode-spring-boot-1.56.0\language-server\BOOT-INF\lib\commons-text-1.12.0.jar;c:\Users\huill\.vscode\extensions\vmware.vscode-spring-boot-1.56.0\language-server\BOOT-INF\lib\commons-util-1.56.0-SNAPSHOT.jar;c:\Users\huill\.vscode\extensions\vmware.vscode-spring-boot-1.56.0\language-server\BOOT-INF\lib\commons-yaml-1.56.0-SNAPSHOT.jar;c:\Users\huill\.vscode\extensions\vmware.vscode-spring-boot-1.56.0\language-server\BOOT-INF\lib\docker-java-api-3.3.6.jar;c:\Users\huill\.vscode\extensions\vmware.vscode-spring-boot-1.56.0\language-server\BOOT-INF\lib\docker-java-transport-3.3.6.jar;c:\Users\huill\.vscode\extensions\vmware.vscode-spring-boot-1.56.0\language-server\BOOT-INF\lib\docker-java-transport-zerodep-3.3.6.jar;c:\Users\huill\.vscode\extensions\vmware.vscode-spring-boot-1.56.0\language-server\BOOT-INF\lib\duct-tape-1.0.8.jar;c:\Users\huill\.vscode\extensions\vmware.vscode-spring-boot-1.56.0\language-server\BOOT-INF\lib\ecj-3.38.0.jar;c:\Users\huill\.vscode\extensions\vmware.vscode-spring-boot-1.56.0\language-server\BOOT-INF\lib\error_prone_annotations-2.11.0.jar;c:\Users\huill\.vscode\extensions\vmware.vscode-spring-boot-1.56.0\language-server\BOOT-INF\lib\failsafe-3.3.2.jar;c:\Users\huill\.vscode\extensions\vmware.vscode-spring-boot-1.56.0\language-server\BOOT-INF\lib\failureaccess-1.0.1.jar;c:\Users\huill\.vscode\extensions\vmware.vscode-spring-boot-1.56.0\language-server\BOOT-INF\lib\fastfilter-1.0.2.jar;c:\Users\huill\.vscode\extensions\vmware.vscode-spring-boot-1.56.0\language-server\BOOT-INF\lib\functionaljava-5.0.jar;c:\Users\huill\.vscode\extensions\vmware.vscode-spring-boot-1.56.0\language-server\BOOT-INF\lib\gizmo-1.0.11.Final.jar;c:\Users\huill\.vscode\extensions\vmware.vscode-spring-boot-1.56.0\language-server\BOOT-INF\lib\gradle-tooling-api-8.4.jar;c:\Users\huill\.vscode\extensions\vmware.vscode-spring-boot-1.56.0\language-server\BOOT-INF\lib\groovy-3.0.22.jar;c:\Users\huill\.vscode\extensions\vmware.vscode-spring-boot-1.56.0\language-server\BOOT-INF\lib\gson-2.10.1.jar;c:\Users\huill\.vscode\extensions\vmware.vscode-spring-boot-1.56.0\language-server\BOOT-INF\lib\guava-31.1-jre.jar;c:\Users\huill\.vscode\extensions\vmware.vscode-spring-boot-1.56.0\language-server\BOOT-INF\lib\hamcrest-2.2.jar;c:\Users\huill\.vscode\extensions\vmware.vscode-spring-boot-1.56.0\language-server\BOOT-INF\lib\hamcrest-core-2.2.jar;c:\Users\huill\.vscode\extensions\vmware.vscode-spring-boot-1.56.0\language-server\BOOT-INF\lib\HdrHistogram-2.2.2.jar;c:\Users\huill\.vscode\extensions\vmware.vscode-spring-boot-1.56.0\language-server\BOOT-INF\lib\isorelax-20030108.jar;c:\Users\huill\.vscode\extensions\vmware.vscode-spring-boot-1.56.0\language-server\BOOT-INF\lib\j2objc-annotations-1.3.jar;c:\Users\huill\.vscode\extensions\vmware.vscode-spring-boot-1.56.0\language-server\BOOT-INF\lib\jackson-annotations-2.17.1.jar;c:\Users\huill\.vscode\extensions\vmware.vscode-spring-boot-1.56.0\language-server\BOOT-INF\lib\jackson-core-2.17.1.jar;c:\Users\huill\.vscode\extensions\vmware.vscode-spring-boot-1.56.0\language-server\BOOT-INF\lib\jackson-databind-2.17.1.jar;c:\Users\huill\.vscode\extensions\vmware.vscode-spring-boot-1.56.0\language-server\BOOT-INF\lib\jackson-dataformat-csv-2.17.1.jar;c:\Users\huill\.vscode\extensions\vmware.vscode-spring-boot-1.56.0\language-server\BOOT-INF\lib\jackson-dataformat-smile-2.17.1.jar;c:\Users\huill\.vscode\extensions\vmware.vscode-spring-boot-1.56.0\language-server\BOOT-INF\lib\jackson-dataformat-xml-2.17.1.jar;c:\Users\huill\.vscode\extensions\vmware.vscode-spring-boot-1.56.0\language-server\BOOT-INF\lib\jackson-datatype-jdk8-2.17.1.jar;c:\Users\huill\.vscode\extensions\vmware.vscode-spring-boot-1.56.0\language-server\BOOT-INF\lib\jackson-datatype-jsr310-2.17.1.jar;c:\Users\huill\.vscode\extensions\vmware.vscode-spring-boot-1.56.0\language-server\BOOT-INF\lib\jackson-module-jaxb-annotations-2.17.1.jar;c:\Users\huill\.vscode\extensions\vmware.vscode-spring-boot-1.56.0\language-server\BOOT-INF\lib\jackson-module-parameter-names-2.17.1.jar;c:\Users\huill\.vscode\extensions\vmware.vscode-spring-boot-1.56.0\language-server\BOOT-INF\lib\jakarta.activation-api-2.1.3.jar;c:\Users\huill\.vscode\extensions\vmware.vscode-spring-boot-1.56.0\language-server\BOOT-INF\lib\jakarta.annotation-api-2.1.1.jar;c:\Users\huill\.vscode\extensions\vmware.vscode-spring-boot-1.56.0\language-server\BOOT-INF\lib\jakarta.xml.bind-api-4.0.2.jar;c:\Users\huill\.vscode\extensions\vmware.vscode-spring-boot-1.56.0\language-server\BOOT-INF\lib\jandex-3.1.6.jar;c:\Users\huill\.vscode\extensions\vmware.vscode-spring-boot-1.56.0\language-server\BOOT-INF\lib\java-object-diff-0.95.jar;c:\Users\huill\.vscode\extensions\vmware.vscode-spring-boot-1.56.0\language-server\BOOT-INF\lib\java-object-diff-1.0.1.jar;c:\Users\huill\.vscode\extensions\vmware.vscode-spring-boot-1.56.0\language-server\BOOT-INF\lib\java-properties-1.56.0-SNAPSHOT.jar;c:\Users\huill\.vscode\extensions\vmware.vscode-spring-boot-1.56.0\language-server\BOOT-INF\lib\JavaEWAH-1.2.3.jar;c:\Users\huill\.vscode\extensions\vmware.vscode-spring-boot-1.56.0\language-server\BOOT-INF\lib\javax.activation-api-1.2.0.jar;c:\Users\huill\.vscode\extensions\vmware.vscode-spring-boot-1.56.0\language-server\BOOT-INF\lib\javax.inject-1.jar;c:\Users\huill\.vscode\extensions\vmware.vscode-spring-boot-1.56.0\language-server\BOOT-INF\lib\javolution-core-java-6.0.0.jar;c:\Users\huill\.vscode\extensions\vmware.vscode-spring-boot-1.56.0\language-server\BOOT-INF\lib\jaxb-api-2.3.1.jar;c:\Users\huill\.vscode\extensions\vmware.vscode-spring-boot-1.56.0\language-server\BOOT-INF\lib\jgit-1.2.0.jar;c:\Users\huill\.vscode\extensions\vmware.vscode-spring-boot-1.56.0\language-server\BOOT-INF\lib\jing-20220510.jar;c:\Users\huill\.vscode\extensions\vmware.vscode-spring-boot-1.56.0\language-server\BOOT-INF\lib\jna-5.14.0.jar;c:\Users\huill\.vscode\extensions\vmware.vscode-spring-boot-1.56.0\language-server\BOOT-INF\lib\jna-platform-5.14.0.jar;c:\Users\huill\.vscode\extensions\vmware.vscode-spring-boot-1.56.0\language-server\BOOT-INF\lib\jpql-1.56.0-SNAPSHOT.jar;c:\Users\huill\.vscode\extensions\vmware.vscode-spring-boot-1.56.0\language-server\BOOT-INF\lib\json-20231013.jar;c:\Users\huill\.vscode\extensions\vmware.vscode-spring-boot-1.56.0\language-server\BOOT-INF\lib\jsoup-1.14.2.jar;c:\Users\huill\.vscode\extensions\vmware.vscode-spring-boot-1.56.0\language-server\BOOT-INF\lib\jsr305-3.0.2.jar;c:\Users\huill\.vscode\extensions\vmware.vscode-spring-boot-1.56.0\language-server\BOOT-INF\lib\jul-to-slf4j-2.0.13.jar;c:\Users\huill\.vscode\extensions\vmware.vscode-spring-boot-1.56.0\language-server\BOOT-INF\lib\junit-4.13.2.jar;c:\Users\huill\.vscode\extensions\vmware.vscode-spring-boot-1.56.0\language-server\BOOT-INF\lib\kotlin-compiler-embeddable-1.9.20.jar;c:\Users\huill\.vscode\extensions\vmware.vscode-spring-boot-1.56.0\language-server\BOOT-INF\lib\kotlin-daemon-embeddable-1.9.20.jar;c:\Users\huill\.vscode\extensions\vmware.vscode-spring-boot-1.56.0\language-server\BOOT-INF\lib\kotlin-reflect-1.9.20.jar;c:\Users\huill\.vscode\extensions\vmware.vscode-spring-boot-1.56.0\language-server\BOOT-INF\lib\kotlin-script-runtime-1.9.20.jar;c:\Users\huill\.vscode\extensions\vmware.vscode-spring-boot-1.56.0\language-server\BOOT-INF\lib\kotlin-stdlib-1.9.20.jar;c:\Users\huill\.vscode\extensions\vmware.vscode-spring-boot-1.56.0\language-server\BOOT-INF\lib\kotlin-stdlib-common-1.9.20.jar;c:\Users\huill\.vscode\extensions\vmware.vscode-spring-boot-1.56.0\language-server\BOOT-INF\lib\kotlin-stdlib-jdk7-1.9.20.jar;c:\Users\huill\.vscode\extensions\vmware.vscode-spring-boot-1.56.0\language-server\BOOT-INF\lib\kotlin-stdlib-jdk8-1.9.20.jar;c:\Users\huill\.vscode\extensions\vmware.vscode-spring-boot-1.56.0\language-server\BOOT-INF\lib\language-server-starter-1.56.0-SNAPSHOT.jar;c:\Users\huill\.vscode\extensions\vmware.vscode-spring-boot-1.56.0\language-server\BOOT-INF\lib\LatencyUtils-2.0.3.jar;c:\Users\huill\.vscode\extensions\vmware.vscode-spring-boot-1.56.0\language-server\BOOT-INF\lib\listenablefuture-9999.0-empty-to-avoid-conflict-with-guava.jar;c:\Users\huill\.vscode\extensions\vmware.vscode-spring-boot-1.56.0\language-server\BOOT-INF\lib\log4j-api-2.23.1.jar;c:\Users\huill\.vscode\extensions\vmware.vscode-spring-boot-1.56.0\language-server\BOOT-INF\lib\log4j-to-slf4j-2.23.1.jar;c:\Users\huill\.vscode\extensions\vmware.vscode-spring-boot-1.56.0\language-server\BOOT-INF\lib\logback-classic-1.5.6.jar;c:\Users\huill\.vscode\extensions\vmware.vscode-spring-boot-1.56.0\language-server\BOOT-INF\lib\logback-core-1.5.6.jar;c:\Users\huill\.vscode\extensions\vmware.vscode-spring-boot-1.56.0\language-server\BOOT-INF\lib\micrometer-commons-1.13.1.jar;c:\Users\huill\.vscode\extensions\vmware.vscode-spring-boot-1.56.0\language-server\BOOT-INF\lib\micrometer-core-1.13.1.jar;c:\Users\huill\.vscode\extensions\vmware.vscode-spring-boot-1.56.0\language-server\BOOT-INF\lib\micrometer-observation-1.13.1.jar;c:\Users\huill\.vscode\extensions\vmware.vscode-spring-boot-1.56.0\language-server\BOOT-INF\lib\model-2.3.1.jar;c:\Users\huill\.vscode\extensions\vmware.vscode-spring-boot-1.56.0\language-server\BOOT-INF\lib\okhttp-4.12.0.jar;c:\Users\huill\.vscode\extensions\vmware.vscode-spring-boot-1.56.0\language-server\BOOT-INF\lib\okio-3.6.0.jar;c:\Users\huill\.vscode\extensions\vmware.vscode-spring-boot-1.56.0\language-server\BOOT-INF\lib\okio-jvm-3.6.0.jar;c:\Users\huill\.vscode\extensions\vmware.vscode-spring-boot-1.56.0\language-server\BOOT-INF\lib\org.eclipse.core.commands-3.12.100.jar;c:\Users\huill\.vscode\extensions\vmware.vscode-spring-boot-1.56.0\language-server\BOOT-INF\lib\org.eclipse.core.contenttype-3.9.400.jar;c:\Users\huill\.vscode\extensions\vmware.vscode-spring-boot-1.56.0\language-server\BOOT-INF\lib\org.eclipse.core.expressions-3.9.400.jar;c:\Users\huill\.vscode\extensions\vmware.vscode-spring-boot-1.56.0\language-server\BOOT-INF\lib\org.eclipse.core.filesystem-1.10.400.jar;c:\Users\huill\.vscode\extensions\vmware.vscode-spring-boot-1.56.0\language-server\BOOT-INF\lib\org.eclipse.core.jobs-3.15.300.jar;c:\Users\huill\.vscode\extensions\vmware.vscode-spring-boot-1.56.0\language-server\BOOT-INF\lib\org.eclipse.core.resources-3.20.200.jar;c:\Users\huill\.vscode\extensions\vmware.vscode-spring-boot-1.56.0\language-server\BOOT-INF\lib\org.eclipse.core.runtime-3.31.100.jar;c:\Users\huill\.vscode\extensions\vmware.vscode-spring-boot-1.56.0\language-server\BOOT-INF\lib\org.eclipse.equinox.app-1.7.100.jar;c:\Users\huill\.vscode\extensions\vmware.vscode-spring-boot-1.56.0\language-server\BOOT-INF\lib\org.eclipse.equinox.common-3.19.100.jar;c:\Users\huill\.vscode\extensions\vmware.vscode-spring-boot-1.56.0\language-server\BOOT-INF\lib\org.eclipse.equinox.preferences-3.10.1.jar;c:\Users\huill\.vscode\extensions\vmware.vscode-spring-boot-1.56.0\language-server\BOOT-INF\lib\org.eclipse.equinox.registry-3.12.100.jar;c:\Users\huill\.vscode\extensions\vmware.vscode-spring-boot-1.56.0\language-server\BOOT-INF\lib\org.eclipse.jdt.core-3.38.0.jar;c:\Users\huill\.vscode\extensions\vmware.vscode-spring-boot-1.56.0\language-server\BOOT-INF\lib\org.eclipse.jgit-6.9.0.202403050737-r.jar;c:\Users\huill\.vscode\extensions\vmware.vscode-spring-boot-1.56.0\language-server\BOOT-INF\lib\org.eclipse.lemminx-0.24.0.jar;c:\Users\huill\.vscode\extensions\vmware.vscode-spring-boot-1.56.0\language-server\BOOT-INF\lib\org.eclipse.lsp4j-0.19.0.jar;c:\Users\huill\.vscode\extensions\vmware.vscode-spring-boot-1.56.0\language-server\BOOT-INF\lib\org.eclipse.lsp4j.generator-0.19.0.jar;c:\Users\huill\.vscode\extensions\vmware.vscode-spring-boot-1.56.0\language-server\BOOT-INF\lib\org.eclipse.lsp4j.jsonrpc-0.19.0.jar;c:\Users\huill\.vscode\extensions\vmware.vscode-spring-boot-1.56.0\language-server\BOOT-INF\lib\org.eclipse.osgi-3.20.0.jar;c:\Users\huill\.vscode\extensions\vmware.vscode-spring-boot-1.56.0\language-server\BOOT-INF\lib\org.eclipse.text-3.14.100.jar;c:\Users\huill\.vscode\extensions\vmware.vscode-spring-boot-1.56.0\language-server\BOOT-INF\lib\org.eclipse.xtend.lib-2.28.0.jar;c:\Users\huill\.vscode\extensions\vmware.vscode-spring-boot-1.56.0\language-server\BOOT-INF\lib\org.eclipse.xtend.lib.macro-2.28.0.jar;c:\Users\huill\.vscode\extensions\vmware.vscode-spring-boot-1.56.0\language-server\BOOT-INF\lib\org.eclipse.xtext.xbase.lib-2.28.0.jar;c:\Users\huill\.vscode\extensions\vmware.vscode-spring-boot-1.56.0\language-server\BOOT-INF\lib\org.json-1.0.0-SNAPSHOT.jar;c:\Users\huill\.vscode\extensions\vmware.vscode-spring-boot-1.56.0\language-server\BOOT-INF\lib\org.osgi.service.prefs-1.1.2.jar;c:\Users\huill\.vscode\extensions\vmware.vscode-spring-boot-1.56.0\language-server\BOOT-INF\lib\osgi.annotation-8.1.0.jar;c:\Users\huill\.vscode\extensions\vmware.vscode-spring-boot-1.56.0\language-server\BOOT-INF\lib\reactive-streams-1.0.4.jar;c:\Users\huill\.vscode\extensions\vmware.vscode-spring-boot-1.56.0\language-server\BOOT-INF\lib\reactor-core-3.6.7.jar;c:\Users\huill\.vscode\extensions\vmware.vscode-spring-boot-1.56.0\language-server\BOOT-INF\lib\remark-1.0.0.jar;c:\Users\huill\.vscode\extensions\vmware.vscode-spring-boot-1.56.0\language-server\BOOT-INF\lib\rewrite-analysis-2.9.2.jar;c:\Users\huill\.vscode\extensions\vmware.vscode-spring-boot-1.56.0\language-server\BOOT-INF\lib\rewrite-core-8.29.0.jar;c:\Users\huill\.vscode\extensions\vmware.vscode-spring-boot-1.56.0\language-server\BOOT-INF\lib\rewrite-github-actions-2.6.2.jar;c:\Users\huill\.vscode\extensions\vmware.vscode-spring-boot-1.56.0\language-server\BOOT-INF\lib\rewrite-gradle-8.29.0.jar;c:\Users\huill\.vscode\extensions\vmware.vscode-spring-boot-1.56.0\language-server\BOOT-INF\lib\rewrite-groovy-8.29.0.jar;c:\Users\huill\.vscode\extensions\vmware.vscode-spring-boot-1.56.0\language-server\BOOT-INF\lib\rewrite-hibernate-1.8.0.jar;c:\Users\huill\.vscode\extensions\vmware.vscode-spring-boot-1.56.0\language-server\BOOT-INF\lib\rewrite-java-11-8.29.0.jar;c:\Users\huill\.vscode\extensions\vmware.vscode-spring-boot-1.56.0\language-server\BOOT-INF\lib\rewrite-java-17-8.29.0.jar;c:\Users\huill\.vscode\extensions\vmware.vscode-spring-boot-1.56.0\language-server\BOOT-INF\lib\rewrite-java-21-8.29.0.jar;c:\Users\huill\.vscode\extensions\vmware.vscode-spring-boot-1.56.0\language-server\BOOT-INF\lib\rewrite-java-8-8.29.0.jar;c:\Users\huill\.vscode\extensions\vmware.vscode-spring-boot-1.56.0\language-server\BOOT-INF\lib\rewrite-java-8.29.0.jar;c:\Users\huill\.vscode\extensions\vmware.vscode-spring-boot-1.56.0\language-server\BOOT-INF\lib\rewrite-java-dependencies-1.12.0.jar;c:\Users\huill\.vscode\extensions\vmware.vscode-spring-boot-1.56.0\language-server\BOOT-INF\lib\rewrite-jenkins-0.8.2.jar;c:\Users\huill\.vscode\extensions\vmware.vscode-spring-boot-1.56.0\language-server\BOOT-INF\lib\rewrite-kotlin-1.18.2.jar;c:\Users\huill\.vscode\extensions\vmware.vscode-spring-boot-1.56.0\language-server\BOOT-INF\lib\rewrite-maven-8.29.0.jar;c:\Users\huill\.vscode\extensions\vmware.vscode-spring-boot-1.56.0\language-server\BOOT-INF\lib\rewrite-migrate-java-2.19.0.jar;c:\Users\huill\.vscode\extensions\vmware.vscode-spring-boot-1.56.0\language-server\BOOT-INF\lib\rewrite-openapi-0.5.2.jar;c:\Users\huill\.vscode\extensions\vmware.vscode-spring-boot-1.56.0\language-server\BOOT-INF\lib\rewrite-properties-8.29.0.jar;c:\Users\huill\.vscode\extensions\vmware.vscode-spring-boot-1.56.0\language-server\BOOT-INF\lib\rewrite-spring-5.14.0.jar;c:\Users\huill\.vscode\extensions\vmware.vscode-spring-boot-1.56.0\language-server\BOOT-INF\lib\rewrite-static-analysis-1.11.0.jar;c:\Users\huill\.vscode\extensions\vmware.vscode-spring-boot-1.56.0\language-server\BOOT-INF\lib\rewrite-templating-1.11.2.jar;c:\Users\huill\.vscode\extensions\vmware.vscode-spring-boot-1.56.0\language-server\BOOT-INF\lib\rewrite-testing-frameworks-2.13.0.jar;c:\Users\huill\.vscode\extensions\vmware.vscode-spring-boot-1.56.0\language-server\BOOT-INF\lib\rewrite-xml-8.29.0.jar;c:\Users\huill\.vscode\extensions\vmware.vscode-spring-boot-1.56.0\language-server\BOOT-INF\lib\rewrite-yaml-8.29.0.jar;c:\Users\huill\.vscode\extensions\vmware.vscode-spring-boot-1.56.0\language-server\BOOT-INF\lib\slf4j-api-2.0.13.jar;c:\Users\huill\.vscode\extensions\vmware.vscode-spring-boot-1.56.0\language-server\BOOT-INF\lib\snakeyaml-2.2.jar;c:\Users\huill\.vscode\extensions\vmware.vscode-spring-boot-1.56.0\language-server\BOOT-INF\lib\snappy-java-1.1.10.5.jar;c:\Users\huill\.vscode\extensions\vmware.vscode-spring-boot-1.56.0\language-server\BOOT-INF\lib\spring-aop-6.1.10.jar;c:\Users\huill\.vscode\extensions\vmware.vscode-spring-boot-1.56.0\language-server\BOOT-INF\lib\spring-beans-6.1.10.jar;c:\Users\huill\.vscode\extensions\vmware.vscode-spring-boot-1.56.0\language-server\BOOT-INF\lib\spring-boot-3.3.1.jar;c:\Users\huill\.vscode\extensions\vmware.vscode-spring-boot-1.56.0\language-server\BOOT-INF\lib\spring-boot-autoconfigure-3.3.1.jar;c:\Users\huill\.vscode\extensions\vmware.vscode-spring-boot-1.56.0\language-server\BOOT-INF\lib\spring-boot-jarmode-tools-3.3.1.jar;c:\Users\huill\.vscode\extensions\vmware.vscode-spring-boot-1.56.0\language-server\BOOT-INF\lib\spring-context-6.1.10.jar;c:\Users\huill\.vscode\extensions\vmware.vscode-spring-boot-1.56.0\language-server\BOOT-INF\lib\spring-context-indexer-6.1.10.jar;c:\Users\huill\.vscode\extensions\vmware.vscode-spring-boot-1.56.0\language-server\BOOT-INF\lib\spring-core-6.1.10.jar;c:\Users\huill\.vscode\extensions\vmware.vscode-spring-boot-1.56.0\language-server\BOOT-INF\lib\spring-expression-6.1.10.jar;c:\Users\huill\.vscode\extensions\vmware.vscode-spring-boot-1.56.0\language-server\BOOT-INF\lib\spring-jcl-6.1.10.jar;c:\Users\huill\.vscode\extensions\vmware.vscode-spring-boot-1.56.0\language-server\BOOT-INF\lib\spring-web-6.1.10.jar;c:\Users\huill\.vscode\extensions\vmware.vscode-spring-boot-1.56.0\language-server\BOOT-INF\lib\stax2-api-4.2.2.jar;c:\Users\huill\.vscode\extensions\vmware.vscode-spring-boot-1.56.0\language-server\BOOT-INF\lib\testcontainers-1.19.8.jar;c:\Users\huill\.vscode\extensions\vmware.vscode-spring-boot-1.56.0\language-server\BOOT-INF\lib\trove4j-1.0.20200330.jar;c:\Users\huill\.vscode\extensions\vmware.vscode-spring-boot-1.56.0\language-server\BOOT-INF\lib\woodstox-core-6.6.2.jar;c:\Users\huill\.vscode\extensions\vmware.vscode-spring-boot-1.56.0\language-server\BOOT-INF\lib\xercesImpl-2.12.2.jar;c:\Users\huill\.vscode\extensions\vmware.vscode-spring-boot-1.56.0\language-server\BOOT-INF\lib\xml-apis-1.4.01.jar;c:\Users\huill\.vscode\extensions\vmware.vscode-spring-boot-1.56.0\language-server\BOOT-INF\lib\xml-resolver-1.2.jar
Launcher Type: SUN_STANDARD

[Global flags]
     intx CICompilerCount                          = 4                                         {product} {ergonomic}
     uint ConcGCThreads                            = 2                                         {product} {ergonomic}
     uint G1ConcRefinementThreads                  = 8                                         {product} {ergonomic}
   size_t G1HeapRegionSize                         = 1048576                                   {product} {ergonomic}
    uintx GCDrainStackTargetSize                   = 64                                        {product} {ergonomic}
   size_t InitialHeapSize                          = 266338304                                 {product} {ergonomic}
   size_t MarkStackSize                            = 4194304                                   {product} {ergonomic}
   size_t MaxHeapSize                              = 1073741824                                {product} {command line}
   size_t MaxNewSize                               = 643825664                                 {product} {ergonomic}
   size_t MinHeapDeltaBytes                        = 1048576                                   {product} {ergonomic}
   size_t MinHeapSize                              = 8388608                                   {product} {ergonomic}
    uintx NonNMethodCodeHeapSize                   = 4096                                   {pd product} {ergonomic}
    uintx NonProfiledCodeHeapSize                  = 0                                      {pd product} {ergonomic}
     bool ProfileInterpreter                       = false                                  {pd product} {command line}
    uintx ProfiledCodeHeapSize                     = 0                                      {pd product} {ergonomic}
   size_t SoftMaxHeapSize                          = 1073741824                             {manageable} {ergonomic}
     intx TieredStopAtLevel                        = 1                                         {product} {command line}
     bool UseCompressedOops                        = true                           {product lp64_product} {ergonomic}
     bool UseG1GC                                  = true                                      {product} {ergonomic}
     bool UseLargePagesIndividualAllocation        = false                                  {pd product} {ergonomic}

Logging:
Log output configuration:
 #0: stdout all=warning,jni+resolve=off uptime,level,tags foldmultilines=false
 #1: stderr all=off uptime,level,tags foldmultilines=false

Environment Variables:
PATH=C:\Python313\Scripts\;C:\Python313\;C:\Users\huill\AppData\Local\Programs\Python\Python312\Scripts\;C:\Users\huill\AppData\Local\Programs\Python\Python312\;C:\Program Files (x86)\Common Files\Intel\Shared Libraries\redist\intel64\compiler;C:\Program Files\Common Files\Oracle\Java\javapath;C:\Windows\system32;C:\Windows;C:\Windows\System32\Wbem;C:\Windows\System32\WindowsPowerShell\v1.0\;C:\Windows\System32\OpenSSH\;C:\Program Files (x86)\NVIDIA Corporation\PhysX\Common;C:\Program Files\NVIDIA Corporation\NVIDIA NvDLISR;C:\Program Files\Microsoft VS Code\bin;C:\Program Files\lua;C:\Program Files (x86)\Microsoft SQL Server\160\Tools\Binn\;C:\Program Files\Microsoft SQL Server\160\Tools\Binn\;C:\Program Files\Microsoft SQL Server\Client SDK\ODBC\170\Tools\Binn\;C:\Program Files\Microsoft SQL Server\160\DTS\Binn\;C:\Program Files (x86)\Microsoft SQL Server\160\DTS\Binn\;C:\Program Files\Azure Data Studio\bin;C:\Program Files\dotnet\;C:\Program Files\Microsoft SQL Server\150\Tools\Binn\;C:\Program Files\Git\cmd;C:\ProgramData\chocolatey\bin;C:\WINDOWS\system32;C:\WINDOWS;C:\WINDOWS\System32\Wbem;C:\WINDOWS\System32\WindowsPowerShell\v1.0\;C:\WINDOWS\System32\OpenSSH\;C:\Users\huill\Desktop\ToolsPhyton\Graphviz-12.2.1-win64\bin;C:\Users\huill\Desktop\JAVA_mavens\apache-maven-3.9.10-bin\apache-maven-3.9.10\bin;C:\Program Files\Docker\Docker\resources\bin;%NVM_HOME%;%NVM_SYMLINK%;C:\Program Files\MySQL\MySQL Shell 8.0\bin\;C:\Users\huill\AppData\Local\Programs\Python\Launcher\;C:\Program Files (x86)\Common Files\Intel\Shared Libraries\redist\intel64_win\compiler;C:\Users\huill\AppData\Local\Microsoft\WindowsApps;C:\Program Files\Azure Data Studio\bin;C:\Program Files\Java\jdk-17\bin;C:\Users\huill\.dotnet\tools;C:\Program Files\JetBrains\IntelliJ IDEA Community Edition 2023.3.5\bin;;C:\msys64\mingw64\bin;C:\Users\huill\AppData\Local\Programs\Python\Python312\;C:\Users\huill\AppData\Local\Programs\Python\Python312\Scripts\;C:\Users\huill\Desktop\JAVA_mavens\apache-maven-3.9.10-bin\apache-maven-3.9.10\bin;C:\Users\huill\AppData\Roaming\npm;C:\Users\huill\AppData\Local\nvm;C:\nvm4w\nodejs
USERNAME=huill
OS=Windows_NT
PROCESSOR_IDENTIFIER=Intel64 Family 6 Model 165 Stepping 2, GenuineIntel
TMP=C:\Users\huill\AppData\Local\Temp
TEMP=C:\Users\huill\AppData\Local\Temp




Periodic native trim disabled

---------------  S Y S T E M  ---------------

OS:
 Windows 11 , 64 bit Build 26100 (10.0.26100.4768)
OS uptime: 1 days 2:55 hours
Hyper-V role detected

CPU: total 8 (initial active 8) (4 cores per cpu, 2 threads per core) family 6 model 165 stepping 2 microcode 0xe0, cx8, cmov, fxsr, ht, mmx, 3dnowpref, sse, sse2, sse3, ssse3, sse4.1, sse4.2, popcnt, lzcnt, tsc, tscinvbit, avx, avx2, aes, erms, clmul, bmi1, bmi2, adx, fma, vzeroupper, clflush, clflushopt, hv, rdtscp, f16c
Processor Information for the first 8 processors :
  Max Mhz: 2496, Current Mhz: 2496, Mhz Limit: 2496

Memory: 4k page, system-wide physical 16221M (3858M free)
TotalPageFile size 24413M (AvailPageFile size 228M)
current process WorkingSet (physical memory assigned to process): 61M, peak: 242M
current process commit charge ("private bytes"): 279M, peak: 377M

vm_info: OpenJDK 64-Bit Server VM (21.0.8+9-LTS) for windows-amd64 JRE (21.0.8+9-LTS), built on 2025-07-15T00:00:00Z by "admin" with MS VC++ 17.7 (VS2022)

END.
